SF:lib/core/safety/poor_sleep_alert.dart
DA:14,2
DA:15,2
DA:16,6
DA:20,3
DA:21,7
DA:22,4
DA:23,2
DA:25,2
DA:27,4
DA:32,5
DA:35,1
DA:40,2
DA:42,1
DA:43,3
DA:47,1
DA:50,1
DA:54,1
DA:65,1
DA:69,1
DA:71,1
DA:72,4
DA:75,1
DA:76,2
DA:77,7
DA:78,1
DA:82,1
DA:83,2
DA:84,2
DA:85,1
DA:87,1
DA:89,0
DA:97,1
LF:32
LH:31
end_of_record
SF:lib/features/health_tracking/domain/entities/health_metric.dart
DA:49,13
DA:67,2
DA:68,2
DA:69,2
DA:70,2
DA:71,2
DA:72,2
DA:73,2
DA:74,2
DA:75,2
DA:79,1
DA:95,1
DA:96,1
DA:97,1
DA:98,1
DA:99,1
DA:100,1
DA:101,1
DA:102,1
DA:103,1
DA:104,1
DA:105,1
DA:106,1
DA:107,1
DA:108,1
DA:109,1
DA:113,0
DA:116,0
DA:117,0
DA:118,0
DA:119,0
DA:120,0
DA:121,0
DA:122,0
DA:123,0
DA:124,0
DA:125,0
DA:126,0
DA:127,0
DA:128,0
DA:129,0
DA:131,0
DA:133,0
DA:134,0
DA:135,0
DA:136,0
DA:137,0
DA:138,0
DA:139,0
DA:140,0
DA:141,0
DA:142,0
DA:143,0
DA:144,0
DA:146,0
DA:148,0
LF:56
LH:26
end_of_record
SF:lib/core/constants/health_constants.dart
DA:3,0
LF:1
LH:0
end_of_record
SF:lib/core/safety/safety_alert.dart
DA:30,4
DA:41,0
DA:50,0
DA:51,0
DA:52,0
DA:53,0
DA:54,0
DA:55,0
DA:56,0
DA:57,0
DA:61,0
DA:64,0
DA:65,0
DA:66,0
DA:67,0
DA:68,0
DA:69,0
DA:70,0
DA:71,0
DA:73,0
DA:75,0
DA:76,0
DA:77,0
DA:78,0
DA:79,0
DA:80,0
DA:82,0
DA:84,0
LF:28
LH:1
end_of_record
SF:lib/core/errors/failures.dart
DA:25,26
DA:27,2
DA:28,2
DA:30,0
DA:33,0
DA:34,0
DA:35,0
DA:36,0
DA:38,1
DA:39,5
DA:48,19
DA:53,0
DA:56,0
DA:57,0
DA:58,0
DA:60,0
DA:61,0
DA:67,18
DA:76,0
DA:78,0
DA:81,0
DA:82,0
DA:83,0
DA:85,0
DA:86,0
DA:92,0
DA:101,27
DA:103,0
DA:106,0
DA:107,0
DA:108,0
DA:110,1
DA:111,4
DA:117,0
LF:34
LH:10
end_of_record
SF:lib/core/providers/database_provider.dart
DA:6,0
DA:28,0
DA:29,0
DA:35,0
DA:36,0
LF:5
LH:0
end_of_record
SF:lib/features/health_tracking/data/datasources/local/health_tracking_local_datasource.dart
DA:13,0
DA:14,0
DA:15,0
DA:17,0
DA:21,0
DA:23,0
DA:24,0
DA:27,0
DA:30,0
DA:32,0
DA:37,0
DA:41,0
DA:42,0
DA:43,0
DA:44,0
DA:45,0
DA:47,0
DA:49,0
DA:54,0
DA:60,0
DA:61,0
DA:62,0
DA:64,0
DA:65,0
DA:66,0
DA:67,0
DA:68,0
DA:69,0
DA:70,0
DA:72,0
DA:73,0
DA:75,0
DA:76,0
DA:78,0
DA:80,0
DA:81,0
DA:87,0
DA:92,0
DA:93,0
DA:95,0
DA:96,0
DA:97,0
DA:98,0
DA:99,0
DA:100,0
DA:101,0
DA:103,0
DA:105,0
DA:108,0
DA:110,0
DA:115,0
DA:117,0
DA:118,0
DA:119,0
DA:120,0
DA:122,0
DA:123,0
DA:127,0
DA:128,0
DA:130,0
DA:135,0
DA:137,0
DA:138,0
DA:139,0
DA:140,0
DA:142,0
DA:147,0
DA:149,0
DA:150,0
DA:153,0
DA:156,0
DA:157,0
DA:158,0
DA:160,0
DA:165,0
DA:167,0
DA:168,0
DA:171,0
DA:174,0
DA:177,0
DA:182,0
DA:184,0
DA:185,0
DA:186,0
DA:187,0
DA:188,0
DA:190,0
DA:191,0
DA:196,0
DA:197,0
LF:90
LH:0
end_of_record
SF:lib/features/health_tracking/data/models/health_metric_model.g.dart
DA:13,0
DA:15,0
DA:16,0
DA:17,0
DA:19,0
DA:20,0
DA:21,0
DA:22,0
DA:23,0
DA:24,0
DA:25,0
DA:26,0
DA:27,0
DA:28,0
DA:29,0
DA:30,0
DA:31,0
DA:32,0
DA:33,0
DA:36,0
DA:39,0
DA:40,0
DA:41,0
DA:42,0
DA:43,0
DA:44,0
DA:45,0
DA:46,0
DA:47,0
DA:48,0
DA:49,0
DA:50,0
DA:51,0
DA:52,0
DA:53,0
DA:54,0
DA:55,0
DA:56,0
DA:57,0
DA:58,0
DA:59,0
DA:60,0
DA:61,0
DA:62,0
DA:63,0
DA:64,0
DA:65,0
DA:66,0
DA:67,0
DA:70,0
DA:71,0
DA:73,0
DA:76,0
DA:77,0
DA:78,0
LF:55
LH:0
end_of_record
SF:lib/features/health_tracking/data/models/health_metric_model.dart
DA:69,0
DA:72,0
DA:73,0
DA:74,0
DA:75,0
DA:76,0
DA:77,0
DA:78,0
DA:79,0
DA:80,0
DA:81,0
DA:82,0
DA:83,0
DA:84,0
DA:85,0
DA:86,0
DA:87,0
DA:92,0
DA:93,0
DA:94,0
DA:95,0
DA:96,0
DA:97,0
DA:98,0
DA:99,0
DA:100,0
DA:101,0
DA:102,0
DA:103,0
DA:104,0
DA:105,0
DA:106,0
DA:107,0
LF:33
LH:0
end_of_record
SF:lib/features/health_tracking/data/repositories/health_tracking_repository_impl.dart
DA:13,1
DA:15,1
DA:17,2
DA:20,0
DA:24,0
DA:27,1
DA:34,1
DA:35,1
DA:36,1
DA:40,2
DA:47,0
DA:52,0
DA:55,0
DA:57,0
DA:60,1
DA:63,1
DA:64,1
DA:65,1
DA:71,3
DA:72,2
DA:75,1
DA:76,4
DA:77,2
DA:80,1
DA:81,0
DA:82,0
DA:85,1
DA:86,0
DA:87,0
DA:90,1
DA:91,0
DA:92,0
DA:93,0
DA:97,2
DA:100,0
DA:103,0
DA:104,0
DA:105,0
DA:111,0
DA:112,0
DA:115,0
DA:118,1
DA:120,2
DA:123,0
DA:125,0
LF:45
LH:23
end_of_record
SF:lib/core/safety/elevated_heart_rate_alert.dart
DA:16,1
DA:20,1
DA:24,1
DA:25,3
DA:29,2
DA:30,7
DA:31,4
DA:32,2
DA:34,1
DA:36,2
DA:41,5
DA:44,1
DA:49,2
DA:51,1
DA:52,4
DA:58,4
DA:59,4
DA:60,1
DA:61,1
DA:63,1
DA:66,1
DA:70,1
DA:81,1
DA:85,1
DA:87,1
DA:88,4
DA:91,1
DA:92,2
DA:93,7
DA:94,1
DA:98,1
DA:99,2
DA:100,2
DA:101,1
DA:103,1
DA:105,0
DA:113,1
DA:119,1
DA:120,1
DA:121,1
DA:130,1
LF:41
LH:40
end_of_record
SF:lib/core/safety/rapid_weight_loss_alert.dart
DA:14,2
DA:15,2
DA:16,4
DA:20,3
DA:21,7
DA:22,4
DA:23,2
DA:25,2
DA:27,4
DA:32,5
DA:35,2
DA:36,2
DA:38,2
DA:39,7
DA:40,4
DA:41,4
DA:42,2
DA:44,3
DA:45,3
DA:46,1
DA:49,2
DA:51,2
DA:52,7
DA:53,4
DA:54,1
DA:56,3
DA:57,3
DA:58,1
DA:60,2
DA:65,5
DA:66,5
DA:69,1
DA:70,1
DA:72,1
DA:73,1
DA:76,1
DA:80,1
DA:88,1
DA:89,1
DA:93,2
DA:103,1
LF:41
LH:41
end_of_record
SF:lib/core/safety/resting_heart_rate_alert.dart
DA:14,2
DA:15,2
DA:16,6
DA:20,3
DA:21,7
DA:22,4
DA:23,2
DA:25,2
DA:27,4
DA:32,5
DA:35,1
DA:40,2
DA:42,1
DA:43,3
DA:47,1
DA:50,1
DA:54,1
DA:65,1
DA:69,1
DA:71,1
DA:72,4
DA:75,1
DA:76,2
DA:77,7
DA:78,1
DA:82,1
DA:83,2
DA:84,2
DA:85,1
DA:87,1
DA:89,0
DA:97,1
LF:32
LH:31
end_of_record
SF:lib/core/utils/calculation_utils.dart
DA:5,0
DA:10,1
DA:11,2
DA:15,3
DA:16,2
DA:17,2
DA:21,1
DA:22,1
DA:25,2
DA:29,1
DA:30,1
DA:34,1
DA:35,1
DA:39,1
DA:40,1
DA:44,1
DA:49,2
DA:50,2
DA:51,1
DA:55,1
DA:59,1
DA:62,1
DA:63,1
DA:69,1
DA:73,1
DA:76,1
DA:77,1
DA:83,1
DA:87,1
DA:90,1
DA:91,1
DA:97,1
DA:101,1
DA:105,1
DA:109,1
DA:112,3
DA:116,1
DA:121,1
DA:124,1
DA:125,2
DA:126,2
DA:130,1
DA:131,1
DA:134,1
DA:135,2
DA:136,2
DA:140,1
DA:141,1
DA:144,3
DA:145,2
DA:149,1
DA:150,1
DA:153,3
DA:157,1
DA:158,1
DA:161,3
DA:165,1
DA:169,1
DA:172,1
DA:173,1
DA:174,2
LF:61
LH:60
end_of_record
SF:lib/core/utils/date_utils.dart
DA:5,0
DA:8,1
DA:9,4
DA:13,1
DA:14,4
DA:18,1
DA:19,2
DA:23,1
DA:24,2
DA:28,1
DA:29,3
DA:30,2
DA:35,1
DA:36,3
DA:40,1
DA:41,1
DA:42,1
DA:43,2
DA:44,3
DA:50,1
DA:51,1
DA:52,2
DA:56,1
DA:57,3
DA:61,1
DA:62,1
DA:63,2
DA:67,1
DA:68,1
DA:69,2
DA:70,3
DA:74,1
DA:75,1
DA:76,2
DA:77,3
DA:81,1
DA:82,3
DA:83,3
DA:84,3
DA:88,1
DA:89,2
DA:93,1
DA:94,4
DA:98,1
DA:99,1
DA:100,1
DA:101,3
DA:105,1
DA:106,2
DA:107,3
DA:111,1
DA:112,3
DA:116,1
DA:117,4
LF:54
LH:53
end_of_record
SF:lib/features/behavioral_support/domain/entities/goal.dart
DA:49,1
DA:66,0
DA:67,0
DA:68,0
DA:72,0
DA:73,0
DA:74,0
DA:78,0
DA:79,0
DA:80,0
DA:81,0
DA:82,0
DA:86,0
DA:101,0
DA:102,0
DA:103,0
DA:104,0
DA:105,0
DA:106,0
DA:107,0
DA:108,0
DA:109,0
DA:110,0
DA:111,0
DA:112,0
DA:113,0
DA:114,0
DA:118,0
DA:121,0
DA:122,0
DA:123,0
DA:124,0
DA:125,0
DA:126,0
DA:127,0
DA:128,0
DA:129,0
DA:130,0
DA:131,0
DA:132,0
DA:133,0
DA:135,0
DA:137,0
DA:138,0
DA:139,0
DA:140,0
DA:141,0
DA:142,0
DA:143,0
DA:144,0
DA:145,0
DA:146,0
DA:147,0
DA:149,0
DA:151,0
LF:55
LH:1
end_of_record
SF:lib/features/behavioral_support/domain/entities/goal_status.dart
DA:9,0
DA:11,0
DA:13,0
DA:15,0
DA:17,0
LF:5
LH:0
end_of_record
SF:lib/features/behavioral_support/domain/entities/goal_type.dart
DA:8,0
DA:10,0
DA:12,0
DA:14,0
LF:4
LH:0
end_of_record
SF:lib/features/behavioral_support/domain/entities/habit.dart
DA:42,2
DA:57,0
DA:58,0
DA:59,0
DA:60,0
DA:61,0
DA:62,0
DA:63,0
DA:67,1
DA:68,4
DA:69,3
DA:70,3
DA:71,3
DA:72,3
DA:76,1
DA:89,1
DA:90,1
DA:91,1
DA:92,1
DA:93,1
DA:94,1
DA:95,0
DA:96,0
DA:97,0
DA:98,1
DA:99,1
DA:100,0
DA:104,0
DA:107,0
DA:108,0
DA:109,0
DA:110,0
DA:111,0
DA:112,0
DA:113,0
DA:114,0
DA:115,0
DA:116,0
DA:117,0
DA:119,0
DA:121,0
DA:122,0
DA:123,0
DA:124,0
DA:125,0
DA:126,0
DA:127,0
DA:128,0
DA:129,0
DA:131,0
DA:133,0
LF:51
LH:16
end_of_record
SF:lib/features/behavioral_support/domain/usecases/create_goal.dart
DA:17,1
DA:25,1
DA:37,1
DA:41,1
DA:48,1
DA:52,1
DA:64,1
DA:65,1
DA:69,2
DA:73,1
DA:80,2
DA:81,1
DA:84,2
DA:85,1
DA:89,1
DA:90,1
DA:94,1
DA:95,1
DA:100,1
DA:101,4
DA:102,4
DA:104,1
DA:105,1
DA:113,1
DA:114,1
DA:115,3
LF:26
LH:26
end_of_record
SF:lib/features/behavioral_support/domain/entities/habit_category.dart
DA:11,0
DA:13,0
DA:15,0
DA:17,0
DA:19,0
DA:21,0
DA:23,0
LF:7
LH:0
end_of_record
SF:lib/features/behavioral_support/domain/usecases/track_habit.dart
DA:15,1
DA:25,1
DA:30,1
DA:31,4
DA:34,1
DA:35,4
DA:36,1
DA:37,2
DA:41,2
DA:42,1
DA:43,1
DA:44,2
DA:45,0
DA:49,1
DA:50,0
DA:51,1
DA:55,1
DA:57,1
DA:61,2
DA:62,1
DA:63,3
DA:66,1
DA:67,1
DA:68,1
DA:71,1
DA:74,2
DA:76,1
DA:77,1
DA:81,2
DA:87,1
DA:88,1
DA:89,0
DA:94,6
DA:95,1
DA:96,1
DA:97,3
DA:99,1
DA:100,4
DA:106,2
DA:107,1
DA:108,1
DA:109,2
DA:110,1
DA:121,4
DA:122,1
DA:123,2
DA:124,2
DA:126,1
DA:128,1
DA:129,1
DA:138,1
LF:51
LH:48
end_of_record
SF:lib/features/behavioral_support/presentation/providers/behavioral_providers.dart
DA:14,4
DA:17,2
DA:18,1
DA:20,1
DA:21,1
DA:22,1
DA:26,1
DA:30,2
DA:31,2
DA:33,1
DA:34,1
DA:36,1
DA:38,1
DA:42,0
DA:51,4
DA:54,1
DA:56,1
DA:57,1
LF:18
LH:17
end_of_record
SF:lib/features/behavioral_support/presentation/providers/behavioral_repository_provider.dart
DA:7,0
DA:8,0
DA:9,0
DA:13,2
DA:14,1
DA:15,0
DA:16,0
LF:7
LH:2
end_of_record
SF:lib/features/user_profile/domain/entities/user_profile.dart
DA:39,7
DA:53,0
DA:54,0
DA:55,0
DA:56,0
DA:57,0
DA:58,0
DA:65,0
DA:66,0
DA:67,0
DA:71,0
DA:83,0
DA:84,0
DA:85,0
DA:86,0
DA:87,0
DA:88,0
DA:89,0
DA:90,0
DA:91,0
DA:92,0
DA:93,0
DA:97,0
DA:100,0
DA:101,0
DA:102,0
DA:103,0
DA:104,0
DA:105,0
DA:106,0
DA:107,0
DA:108,0
DA:109,0
DA:111,0
DA:113,0
DA:114,0
DA:115,0
DA:116,0
DA:117,0
DA:118,0
DA:119,0
DA:120,0
DA:122,0
DA:124,0
LF:44
LH:1
end_of_record
SF:lib/features/user_profile/domain/entities/gender.dart
DA:8,0
DA:10,0
DA:12,0
DA:14,0
LF:4
LH:0
end_of_record
SF:lib/features/user_profile/presentation/providers/user_profile_repository_provider.dart
DA:7,2
DA:8,2
DA:9,1
DA:13,16
DA:14,9
DA:15,2
DA:16,1
LF:7
LH:7
end_of_record
SF:lib/features/behavioral_support/data/datasources/local/behavioral_local_datasource.dart
DA:15,0
DA:16,0
DA:17,0
DA:19,0
DA:23,0
DA:24,0
DA:25,0
DA:27,0
DA:31,0
DA:33,0
DA:34,0
DA:37,0
DA:40,0
DA:42,0
DA:47,0
DA:49,0
DA:50,0
DA:51,0
DA:52,0
DA:53,0
DA:55,0
DA:57,0
DA:62,0
DA:67,0
DA:68,0
DA:69,0
DA:70,0
DA:71,0
DA:72,0
DA:74,0
DA:76,0
DA:81,0
DA:83,0
DA:84,0
DA:85,0
DA:86,0
DA:88,0
DA:93,0
DA:95,0
DA:96,0
DA:99,0
DA:102,0
DA:103,0
DA:104,0
DA:106,0
DA:111,0
DA:113,0
DA:114,0
DA:117,0
DA:120,0
DA:123,0
DA:128,0
DA:130,0
DA:131,0
DA:134,0
DA:137,0
DA:139,0
DA:144,0
DA:146,0
DA:147,0
DA:148,0
DA:149,0
DA:150,0
DA:152,0
DA:154,0
DA:159,0
DA:164,0
DA:165,0
DA:166,0
DA:167,0
DA:168,0
DA:169,0
DA:171,0
DA:173,0
DA:178,0
DA:183,0
DA:184,0
DA:185,0
DA:186,0
DA:187,0
DA:188,0
DA:190,0
DA:192,0
DA:197,0
DA:199,0
DA:200,0
DA:201,0
DA:202,0
DA:204,0
DA:209,0
DA:211,0
DA:212,0
DA:215,0
DA:218,0
DA:219,0
DA:220,0
DA:222,0
DA:227,0
DA:229,0
DA:230,0
DA:233,0
DA:236,0
DA:239,0
LF:103
LH:0
end_of_record
SF:lib/features/behavioral_support/data/models/habit_model.g.dart
DA:13,0
DA:15,0
DA:16,0
DA:17,0
DA:19,0
DA:20,0
DA:21,0
DA:22,0
DA:23,0
DA:24,0
DA:25,0
DA:26,0
DA:27,0
DA:28,0
DA:29,0
DA:30,0
DA:33,0
DA:36,0
DA:37,0
DA:38,0
DA:39,0
DA:40,0
DA:41,0
DA:42,0
DA:43,0
DA:44,0
DA:45,0
DA:46,0
DA:47,0
DA:48,0
DA:49,0
DA:50,0
DA:51,0
DA:52,0
DA:53,0
DA:54,0
DA:55,0
DA:56,0
DA:57,0
DA:58,0
DA:61,0
DA:62,0
DA:64,0
DA:67,0
DA:68,0
DA:69,0
LF:46
LH:0
end_of_record
SF:lib/features/behavioral_support/data/models/habit_model.dart
DA:58,0
DA:61,0
DA:62,0
DA:63,0
DA:64,0
DA:65,0
DA:66,0
DA:67,0
DA:68,0
DA:70,0
DA:71,0
DA:72,0
DA:73,0
DA:74,0
DA:75,0
DA:76,0
DA:81,0
DA:82,0
DA:83,0
DA:84,0
DA:85,0
DA:86,0
DA:87,0
DA:88,0
DA:89,0
DA:90,0
DA:91,0
DA:92,0
DA:93,0
LF:29
LH:0
end_of_record
SF:lib/features/behavioral_support/data/models/goal_model.dart
DA:67,0
DA:70,0
DA:71,0
DA:72,0
DA:73,0
DA:74,0
DA:75,0
DA:76,0
DA:78,0
DA:79,0
DA:80,0
DA:81,0
DA:82,0
DA:83,0
DA:84,0
DA:85,0
DA:86,0
DA:88,0
DA:89,0
DA:90,0
DA:95,0
DA:96,0
DA:97,0
DA:98,0
DA:99,0
DA:100,0
DA:101,0
DA:102,0
DA:103,0
DA:104,0
DA:105,0
DA:106,0
DA:107,0
DA:108,0
DA:109,0
LF:35
LH:0
end_of_record
SF:lib/features/behavioral_support/data/models/goal_model.g.dart
DA:13,0
DA:15,0
DA:16,0
DA:17,0
DA:19,0
DA:20,0
DA:21,0
DA:22,0
DA:23,0
DA:24,0
DA:25,0
DA:26,0
DA:27,0
DA:28,0
DA:29,0
DA:30,0
DA:31,0
DA:32,0
DA:35,0
DA:38,0
DA:39,0
DA:40,0
DA:41,0
DA:42,0
DA:43,0
DA:44,0
DA:45,0
DA:46,0
DA:47,0
DA:48,0
DA:49,0
DA:50,0
DA:51,0
DA:52,0
DA:53,0
DA:54,0
DA:55,0
DA:56,0
DA:57,0
DA:58,0
DA:59,0
DA:60,0
DA:61,0
DA:62,0
DA:63,0
DA:64,0
DA:67,0
DA:68,0
DA:70,0
DA:73,0
DA:74,0
DA:75,0
LF:52
LH:0
end_of_record
SF:lib/features/behavioral_support/data/repositories/behavioral_repository_impl.dart
DA:14,0
DA:16,0
DA:18,0
DA:21,0
DA:23,0
DA:26,0
DA:31,0
DA:34,0
DA:37,0
DA:38,0
DA:40,0
DA:41,0
DA:43,0
DA:44,0
DA:46,0
DA:47,0
DA:50,0
DA:53,0
DA:56,0
DA:57,0
DA:60,0
DA:63,0
DA:65,0
DA:68,0
DA:70,0
DA:73,0
DA:75,0
DA:78,0
DA:80,0
DA:83,0
DA:85,0
DA:88,0
DA:91,0
DA:92,0
DA:94,0
DA:95,0
DA:97,0
DA:98,0
DA:100,0
DA:101,0
DA:103,0
DA:104,0
DA:107,0
DA:110,0
DA:113,0
DA:114,0
DA:117,0
DA:120,0
DA:122,0
LF:49
LH:0
end_of_record
SF:lib/features/behavioral_support/presentation/providers/goals_provider.dart
DA:11,0
DA:14,0
DA:15,0
DA:17,0
DA:18,0
DA:19,0
DA:23,0
DA:27,0
DA:28,0
DA:30,0
DA:31,0
DA:33,0
DA:35,0
DA:39,0
LF:14
LH:0
end_of_record
SF:lib/features/user_profile/data/datasources/local/user_profile_local_datasource.dart
DA:16,1
DA:17,2
DA:18,1
DA:20,0
DA:24,0
DA:26,0
DA:27,0
DA:30,0
DA:33,0
DA:34,0
DA:37,0
DA:39,0
DA:46,1
DA:48,1
DA:49,0
DA:52,0
DA:55,0
DA:57,3
DA:64,0
DA:66,0
DA:67,0
DA:68,0
DA:69,0
DA:71,0
DA:78,0
DA:80,0
DA:81,0
DA:84,0
DA:87,0
DA:88,0
DA:89,0
DA:91,0
DA:96,0
DA:98,0
DA:99,0
DA:101,0
DA:102,0
DA:105,0
DA:108,0
DA:113,0
DA:115,0
DA:116,0
DA:122,0
DA:124,0
LF:44
LH:6
end_of_record
SF:lib/features/user_profile/data/models/user_profile_model.g.dart
DA:13,0
DA:15,0
DA:16,0
DA:17,0
DA:19,0
DA:20,0
DA:21,0
DA:22,0
DA:23,0
DA:24,0
DA:25,0
DA:26,0
DA:27,0
DA:28,0
DA:29,0
DA:32,0
DA:35,0
DA:36,0
DA:37,0
DA:38,0
DA:39,0
DA:40,0
DA:41,0
DA:42,0
DA:43,0
DA:44,0
DA:45,0
DA:46,0
DA:47,0
DA:48,0
DA:49,0
DA:50,0
DA:51,0
DA:52,0
DA:53,0
DA:54,0
DA:55,0
DA:58,0
DA:59,0
DA:61,0
DA:64,0
DA:65,0
DA:66,0
LF:43
LH:0
end_of_record
SF:lib/features/user_profile/data/models/user_profile_model.dart
DA:54,0
DA:55,0
DA:56,0
DA:57,0
DA:58,0
DA:59,0
DA:60,0
DA:61,0
DA:62,0
DA:64,0
DA:65,0
DA:66,0
DA:67,0
DA:68,0
DA:73,0
DA:76,0
DA:77,0
DA:78,0
DA:79,0
DA:80,0
DA:81,0
DA:82,0
DA:83,0
DA:84,0
DA:85,0
DA:86,0
DA:87,0
LF:27
LH:0
end_of_record
SF:lib/features/user_profile/data/repositories/user_profile_repository_impl.dart
DA:13,1
DA:15,0
DA:17,0
DA:20,1
DA:22,2
DA:25,0
DA:28,0
DA:29,0
DA:31,0
DA:32,0
DA:34,0
DA:35,0
DA:37,0
DA:38,0
DA:41,0
DA:44,0
DA:47,0
DA:48,0
DA:50,0
DA:51,0
DA:53,0
DA:54,0
DA:56,0
DA:57,0
DA:60,0
DA:63,0
DA:65,0
DA:68,0
DA:70,0
LF:29
LH:3
end_of_record
SF:lib/core/utils/validation_utils.dart
DA:5,0
DA:9,1
DA:13,1
DA:16,1
DA:24,1
DA:28,1
DA:31,1
DA:39,1
DA:43,1
DA:46,1
DA:54,1
DA:58,1
DA:61,1
DA:69,1
DA:73,1
DA:76,1
DA:84,1
DA:88,1
DA:91,1
DA:99,1
DA:103,1
DA:106,1
DA:114,1
DA:118,1
DA:121,1
DA:129,1
DA:134,2
DA:136,3
DA:137,2
DA:143,1
DA:145,1
DA:151,1
DA:152,2
DA:153,1
DA:159,1
DA:165,2
DA:166,1
DA:168,2
DA:169,1
DA:171,2
DA:172,1
LF:41
LH:40
end_of_record
SF:lib/features/exercise_management/domain/entities/workout_plan.dart
DA:15,1
DA:23,0
DA:29,0
DA:30,0
DA:31,0
DA:32,0
DA:33,0
DA:37,0
DA:40,0
DA:41,0
DA:42,0
DA:43,0
DA:44,0
DA:45,0
DA:47,0
DA:49,0
DA:50,0
DA:51,0
DA:52,0
DA:90,1
DA:104,1
DA:105,5
DA:109,0
DA:121,0
DA:122,0
DA:123,0
DA:124,0
DA:125,0
DA:126,0
DA:127,0
DA:128,0
DA:129,0
DA:130,0
DA:131,0
DA:135,0
DA:138,0
DA:139,0
DA:140,0
DA:141,0
DA:142,0
DA:143,0
DA:144,0
DA:145,0
DA:146,0
DA:147,0
DA:149,0
DA:151,0
DA:152,0
DA:153,0
DA:154,0
DA:155,0
DA:156,0
DA:157,0
DA:158,0
DA:160,0
DA:162,0
LF:56
LH:4
end_of_record
SF:lib/features/exercise_management/domain/usecases/create_workout_plan.dart
DA:12,2
DA:21,1
DA:31,1
DA:32,1
DA:35,1
DA:41,1
DA:45,1
DA:54,1
DA:55,1
DA:58,1
DA:62,1
DA:68,2
DA:69,1
DA:73,1
DA:74,1
DA:78,5
DA:79,1
DA:80,3
DA:81,1
DA:85,1
DA:86,1
DA:89,1
DA:90,1
DA:94,2
DA:95,3
DA:96,1
DA:101,2
DA:103,2
DA:104,4
DA:105,1
DA:106,2
DA:112,3
DA:113,1
DA:114,2
DA:123,1
DA:124,1
DA:125,3
LF:37
LH:37
end_of_record
SF:lib/features/exercise_management/domain/entities/exercise.dart
DA:54,3
DA:73,0
DA:90,0
DA:91,0
DA:92,0
DA:93,0
DA:94,0
DA:95,0
DA:96,0
DA:97,0
DA:98,0
DA:99,0
DA:100,0
DA:101,0
DA:102,0
DA:103,0
DA:104,0
DA:105,0
DA:109,0
DA:112,0
DA:113,0
DA:114,0
DA:115,0
DA:116,0
DA:117,0
DA:118,0
DA:119,0
DA:120,0
DA:121,0
DA:122,0
DA:123,0
DA:124,0
DA:125,0
DA:126,0
DA:128,0
DA:130,0
DA:131,0
DA:132,0
DA:133,0
DA:134,0
DA:135,0
DA:136,0
DA:137,0
DA:138,0
DA:139,0
DA:140,0
DA:141,0
DA:142,0
DA:144,0
DA:146,0
LF:50
LH:1
end_of_record
SF:lib/features/exercise_management/domain/entities/exercise_type.dart
DA:9,0
DA:11,0
DA:13,0
DA:15,0
DA:17,0
LF:5
LH:0
end_of_record
SF:lib/features/exercise_management/domain/usecases/log_workout.dart
DA:17,2
DA:25,1
DA:41,1
DA:44,1
DA:54,1
DA:58,1
DA:72,1
DA:73,1
DA:77,2
DA:81,1
DA:91,2
DA:92,1
DA:97,1
DA:99,1
DA:100,1
DA:102,1
DA:103,1
DA:106,1
DA:107,1
DA:111,1
DA:114,1
DA:118,1
DA:119,1
DA:121,1
DA:122,1
DA:126,1
DA:128,1
DA:129,1
DA:135,1
DA:141,0
DA:142,0
DA:144,0
DA:145,0
DA:151,1
DA:152,1
DA:154,1
DA:155,1
DA:162,1
DA:163,1
DA:164,3
LF:40
LH:36
end_of_record
SF:lib/features/exercise_management/domain/usecases/get_workout_history.dart
DA:15,2
DA:24,2
DA:31,2
DA:32,2
DA:38,4
DA:44,2
DA:45,4
DA:46,2
DA:51,10
DA:52,2
DA:56,10
DA:58,2
DA:66,1
DA:71,4
DA:72,2
DA:74,1
LF:16
LH:16
end_of_record
SF:lib/features/health_tracking/domain/usecases/calculate_moving_average.dart
DA:13,2
DA:23,2
DA:25,2
DA:26,2
DA:29,2
DA:30,8
DA:31,6
DA:35,4
DA:36,14
DA:37,2
DA:38,2
DA:39,2
DA:41,2
DA:44,4
DA:45,4
DA:51,8
DA:52,6
DA:53,4
DA:56,4
DA:58,2
LF:20
LH:20
end_of_record
SF:lib/features/exercise_management/presentation/providers/exercise_providers.dart
DA:17,2
DA:18,2
DA:19,1
DA:23,2
DA:24,2
DA:25,2
DA:26,1
DA:30,4
DA:31,2
DA:32,1
DA:39,8
DA:40,4
DA:41,2
DA:43,2
DA:44,2
DA:45,2
DA:55,8
DA:56,6
DA:59,2
DA:64,1
DA:71,6
DA:72,2
DA:74,6
DA:77,2
DA:80,2
DA:81,1
DA:83,1
DA:84,1
DA:85,1
DA:88,1
DA:89,1
DA:91,4
DA:93,1
DA:95,1
DA:99,0
DA:101,0
DA:117,2
DA:123,2
DA:126,1
DA:127,3
DA:128,3
DA:129,3
DA:130,3
DA:132,2
DA:134,16
LF:45
LH:43
end_of_record
SF:lib/features/exercise_management/presentation/providers/exercise_repository_provider.dart
DA:7,0
DA:8,0
DA:9,0
DA:13,2
DA:14,1
DA:15,0
DA:16,0
LF:7
LH:2
end_of_record
SF:lib/features/exercise_management/data/datasources/local/exercise_local_datasource.dart
DA:13,0
DA:14,0
DA:15,0
DA:17,0
DA:21,0
DA:23,0
DA:24,0
DA:27,0
DA:30,0
DA:32,0
DA:37,0
DA:39,0
DA:40,0
DA:41,0
DA:42,0
DA:43,0
DA:45,0
DA:47,0
DA:52,0
DA:58,0
DA:59,0
DA:60,0
DA:62,0
DA:63,0
DA:64,0
DA:65,0
DA:66,0
DA:67,0
DA:68,0
DA:70,0
DA:71,0
DA:73,0
DA:74,0
DA:76,0
DA:78,0
DA:83,0
DA:88,0
DA:89,0
DA:91,0
DA:92,0
DA:93,0
DA:94,0
DA:95,0
DA:96,0
DA:97,0
DA:99,0
DA:101,0
DA:102,0
DA:104,0
DA:106,0
DA:111,0
DA:116,0
DA:117,0
DA:118,0
DA:119,0
DA:120,0
DA:121,0
DA:123,0
DA:125,0
DA:130,0
DA:132,0
DA:133,0
DA:134,0
DA:135,0
DA:137,0
DA:142,0
DA:144,0
DA:145,0
DA:148,0
DA:151,0
DA:152,0
DA:153,0
DA:155,0
DA:160,0
DA:162,0
DA:163,0
DA:166,0
DA:169,0
DA:172,0
LF:79
LH:0
end_of_record
SF:lib/features/exercise_management/data/models/exercise_model.dart
DA:74,0
DA:77,0
DA:78,0
DA:79,0
DA:80,0
DA:81,0
DA:82,0
DA:83,0
DA:84,0
DA:86,0
DA:87,0
DA:88,0
DA:89,0
DA:90,0
DA:91,0
DA:92,0
DA:93,0
DA:94,0
DA:95,0
DA:96,0
DA:101,0
DA:102,0
DA:103,0
DA:104,0
DA:105,0
DA:106,0
DA:107,0
DA:108,0
DA:109,0
DA:110,0
DA:111,0
DA:112,0
DA:113,0
DA:114,0
DA:115,0
DA:116,0
DA:117,0
LF:37
LH:0
end_of_record
SF:lib/features/exercise_management/data/models/exercise_model.g.dart
DA:13,0
DA:15,0
DA:16,0
DA:17,0
DA:19,0
DA:20,0
DA:21,0
DA:22,0
DA:23,0
DA:24,0
DA:25,0
DA:26,0
DA:27,0
DA:28,0
DA:29,0
DA:30,0
DA:31,0
DA:32,0
DA:33,0
DA:34,0
DA:37,0
DA:40,0
DA:41,0
DA:42,0
DA:43,0
DA:44,0
DA:45,0
DA:46,0
DA:47,0
DA:48,0
DA:49,0
DA:50,0
DA:51,0
DA:52,0
DA:53,0
DA:54,0
DA:55,0
DA:56,0
DA:57,0
DA:58,0
DA:59,0
DA:60,0
DA:61,0
DA:62,0
DA:63,0
DA:64,0
DA:65,0
DA:66,0
DA:67,0
DA:68,0
DA:69,0
DA:70,0
DA:73,0
DA:74,0
DA:76,0
DA:79,0
DA:80,0
DA:81,0
LF:58
LH:0
end_of_record
SF:lib/features/exercise_management/data/repositories/exercise_repository_impl.dart
DA:13,0
DA:15,0
DA:17,0
DA:20,0
DA:22,0
DA:25,0
DA:32,0
DA:33,0
DA:34,0
DA:38,0
DA:45,0
DA:50,0
DA:53,0
DA:58,0
DA:61,0
DA:64,0
DA:65,0
DA:67,0
DA:68,0
DA:70,0
DA:71,0
DA:73,0
DA:74,0
DA:76,0
DA:77,0
DA:79,0
DA:80,0
DA:82,0
DA:83,0
DA:85,0
DA:86,0
DA:89,0
DA:92,0
DA:95,0
DA:96,0
DA:99,0
DA:102,0
DA:104,0
LF:38
LH:0
end_of_record
SF:lib/features/health_tracking/domain/usecases/calculate_baseline_heart_rate.dart
DA:16,2
DA:25,2
DA:27,2
DA:28,4
DA:33,3
DA:34,1
DA:35,5
DA:37,2
DA:38,2
DA:44,2
DA:45,5
DA:48,3
DA:49,2
DA:52,2
DA:54,1
DA:64,1
DA:69,1
DA:70,2
DA:73,2
DA:77,2
DA:78,7
DA:79,1
DA:80,1
DA:81,1
DA:83,1
DA:85,1
DA:86,2
DA:90,5
DA:91,3
DA:92,2
DA:95,2
DA:97,1
DA:103,2
DA:104,2
LF:34
LH:34
end_of_record
SF:lib/features/health_tracking/domain/usecases/get_weight_trend.dart
DA:35,2
DA:51,2
DA:66,2
DA:68,2
DA:69,2
DA:72,2
DA:73,8
DA:74,6
DA:75,8
DA:79,4
DA:80,14
DA:81,2
DA:82,2
DA:83,2
DA:85,2
DA:89,4
DA:90,14
DA:91,2
DA:92,2
DA:93,2
DA:95,2
DA:97,4
DA:98,4
DA:103,4
DA:104,2
DA:110,8
DA:111,6
DA:112,4
DA:114,8
DA:115,6
DA:116,4
DA:119,2
DA:126,2
DA:128,4
DA:129,2
DA:131,3
DA:134,2
DA:137,4
DA:140,4
DA:141,4
LF:40
LH:40
end_of_record
SF:lib/features/health_tracking/domain/usecases/detect_plateau.dart
DA:17,1
DA:20,1
DA:21,1
DA:25,1
DA:26,1
DA:38,1
DA:48,1
DA:50,1
DA:51,2
DA:54,1
DA:55,4
DA:56,3
DA:60,2
DA:61,7
DA:62,1
DA:63,1
DA:64,1
DA:66,1
DA:68,2
DA:69,2
DA:73,2
DA:74,2
DA:75,2
DA:78,2
DA:79,7
DA:80,2
DA:82,3
DA:83,1
DA:86,2
DA:87,7
DA:88,2
DA:90,3
DA:91,1
DA:94,2
DA:95,7
DA:96,2
DA:98,3
DA:99,1
DA:101,3
DA:102,0
DA:106,5
DA:107,5
DA:108,5
DA:111,4
DA:112,4
DA:114,2
DA:115,2
DA:120,5
DA:121,1
DA:123,1
DA:125,4
DA:126,4
DA:127,1
DA:130,4
DA:131,4
DA:132,1
DA:134,2
DA:135,3
DA:136,3
DA:137,3
DA:138,3
DA:140,2
DA:141,2
DA:142,2
DA:152,2
LF:65
LH:64
end_of_record
SF:lib/features/health_tracking/domain/usecases/save_health_metric.dart
DA:17,1
DA:27,1
DA:29,2
DA:30,1
DA:31,1
DA:32,1
DA:33,1
DA:35,0
DA:38,1
DA:40,1
DA:44,2
DA:48,1
DA:50,1
DA:51,4
DA:52,7
DA:54,1
DA:55,1
DA:59,1
DA:60,2
DA:61,2
DA:62,1
DA:69,1
DA:70,2
DA:71,2
DA:72,1
DA:79,1
DA:80,2
DA:81,2
DA:82,1
DA:89,1
DA:90,2
DA:91,2
DA:92,1
DA:99,1
DA:100,0
DA:101,0
DA:102,0
DA:108,1
DA:109,0
DA:110,0
DA:111,0
DA:118,1
DA:119,0
DA:120,0
DA:127,1
DA:128,1
DA:135,1
DA:136,1
DA:137,3
LF:49
LH:40
end_of_record
SF:lib/features/health_tracking/presentation/providers/health_metrics_provider.dart
DA:10,16
DA:11,8
DA:12,4
DA:14,4
DA:15,2
DA:16,6
DA:25,16
DA:26,12
DA:29,2
DA:32,6
DA:33,3
DA:35,3
DA:36,6
DA:37,3
LF:14
LH:14
end_of_record
SF:lib/features/health_tracking/presentation/providers/health_tracking_repository_provider.dart
DA:7,0
DA:8,0
DA:9,0
DA:13,6
DA:14,3
DA:15,0
DA:16,0
LF:7
LH:2
end_of_record
SF:lib/features/health_tracking/presentation/providers/moving_average_provider.dart
DA:9,8
DA:10,4
DA:12,2
DA:13,2
DA:14,2
DA:18,1
DA:19,1
DA:21,1
DA:22,1
DA:23,1
DA:26,2
DA:27,0
LF:12
LH:11
end_of_record
SF:lib/features/health_tracking/presentation/providers/weight_trend_provider.dart
DA:10,4
DA:11,2
DA:13,1
DA:14,1
DA:15,1
DA:19,1
DA:20,1
DA:22,1
DA:23,1
DA:24,1
DA:27,1
DA:28,0
LF:12
LH:11
end_of_record
SF:lib/features/medication_management/domain/entities/medication.dart
DA:43,4
DA:58,1
DA:59,1
DA:60,3
DA:64,0
DA:77,0
DA:78,0
DA:79,0
DA:80,0
DA:81,0
DA:82,0
DA:83,0
DA:84,0
DA:85,0
DA:86,0
DA:87,0
DA:88,0
DA:92,0
DA:95,0
DA:96,0
DA:97,0
DA:98,0
DA:99,0
DA:100,0
DA:101,0
DA:102,0
DA:103,0
DA:104,0
DA:105,0
DA:107,0
DA:109,0
DA:110,0
DA:111,0
DA:112,0
DA:113,0
DA:114,0
DA:115,0
DA:116,0
DA:117,0
DA:119,0
DA:121,0
LF:41
LH:4
end_of_record
SF:lib/features/medication_management/domain/entities/medication_frequency.dart
DA:10,0
DA:12,0
DA:14,0
DA:16,0
DA:18,0
DA:20,0
LF:6
LH:0
end_of_record
SF:lib/features/medication_management/domain/entities/medication_log.dart
DA:25,2
DA:35,0
DA:43,0
DA:44,0
DA:45,0
DA:46,0
DA:47,0
DA:48,0
DA:49,0
DA:53,0
DA:56,0
DA:57,0
DA:58,0
DA:59,0
DA:60,0
DA:61,0
DA:62,0
DA:64,0
DA:66,0
DA:67,0
DA:68,0
DA:69,0
DA:70,0
DA:72,0
DA:74,0
LF:25
LH:1
end_of_record
SF:lib/features/medication_management/domain/entities/time_of_day.dart
DA:10,4
DA:13,0
DA:14,0
DA:15,0
DA:16,0
DA:17,0
DA:22,0
DA:24,0
DA:28,0
DA:29,0
DA:30,0
DA:31,0
DA:32,0
DA:35,1
DA:38,0
DA:39,0
DA:40,0
DA:41,0
DA:43,1
DA:44,5
LF:20
LH:4
end_of_record
SF:lib/features/medication_management/domain/usecases/check_medication_reminders.dart
DA:20,1
DA:38,1
DA:49,1
DA:51,2
DA:53,1
DA:54,2
DA:55,1
DA:56,1
DA:57,1
DA:58,4
DA:60,2
DA:62,1
DA:67,2
DA:69,1
DA:70,1
DA:71,1
DA:72,1
DA:73,1
DA:74,1
DA:78,1
DA:83,2
DA:84,1
DA:86,2
DA:89,1
DA:90,0
DA:91,1
DA:96,1
DA:102,2
DA:112,1
DA:120,1
DA:124,2
DA:126,1
DA:127,2
DA:128,1
DA:129,2
DA:130,2
DA:133,1
DA:134,1
DA:135,4
DA:138,2
DA:139,1
DA:140,1
DA:141,1
DA:142,1
DA:143,1
DA:144,1
DA:147,1
DA:152,2
DA:153,1
DA:155,2
DA:158,1
DA:159,0
DA:160,2
DA:164,2
DA:173,1
LF:55
LH:53
end_of_record
SF:lib/features/medication_management/domain/usecases/add_medication.dart
DA:17,1
DA:25,1
DA:37,1
DA:40,1
DA:49,1
DA:53,1
DA:63,1
DA:64,1
DA:68,2
DA:72,1
DA:81,2
DA:82,1
DA:86,2
DA:87,1
DA:91,1
DA:92,1
DA:96,1
DA:97,3
DA:98,1
DA:102,2
DA:103,4
DA:104,3
DA:106,4
DA:107,3
DA:112,1
DA:113,2
DA:114,1
DA:115,2
DA:120,1
DA:121,4
DA:122,4
DA:124,1
DA:125,1
DA:130,4
DA:131,2
DA:132,1
DA:141,1
DA:143,1
DA:145,1
DA:147,1
DA:149,1
DA:150,0
DA:156,1
DA:157,1
DA:158,3
LF:45
LH:44
end_of_record
SF:lib/features/medication_management/presentation/providers/medication_providers.dart
DA:11,4
DA:14,2
DA:15,1
DA:17,1
DA:18,1
DA:19,1
DA:23,1
DA:27,2
DA:28,2
DA:30,1
DA:31,1
DA:33,1
DA:35,1
DA:39,0
DA:49,4
DA:52,2
DA:53,1
DA:55,1
DA:56,1
DA:57,1
DA:61,1
DA:65,2
DA:66,2
DA:68,1
DA:69,1
DA:71,1
DA:73,1
DA:77,0
LF:28
LH:26
end_of_record
SF:lib/features/medication_management/presentation/providers/medication_repository_provider.dart
DA:7,0
DA:8,0
DA:9,0
DA:13,2
DA:14,1
DA:15,0
DA:16,0
LF:7
LH:2
end_of_record
SF:lib/features/medication_management/data/datasources/local/medication_local_datasource.dart
DA:15,0
DA:16,0
DA:17,0
DA:19,0
DA:23,0
DA:24,0
DA:25,0
DA:27,0
DA:31,0
DA:33,0
DA:34,0
DA:37,0
DA:40,0
DA:42,0
DA:47,0
DA:51,0
DA:52,0
DA:53,0
DA:54,0
DA:55,0
DA:57,0
DA:59,0
DA:64,0
DA:66,0
DA:67,0
DA:68,0
DA:69,0
DA:70,0
DA:71,0
DA:72,0
DA:74,0
DA:75,0
DA:77,0
DA:79,0
DA:84,0
DA:86,0
DA:87,0
DA:88,0
DA:89,0
DA:91,0
DA:96,0
DA:98,0
DA:99,0
DA:102,0
DA:105,0
DA:106,0
DA:107,0
DA:109,0
DA:114,0
DA:116,0
DA:117,0
DA:120,0
DA:123,0
DA:126,0
DA:131,0
DA:133,0
DA:134,0
DA:137,0
DA:140,0
DA:142,0
DA:147,0
DA:151,0
DA:152,0
DA:153,0
DA:154,0
DA:155,0
DA:157,0
DA:159,0
DA:164,0
DA:170,0
DA:171,0
DA:172,0
DA:174,0
DA:175,0
DA:176,0
DA:177,0
DA:178,0
DA:180,0
DA:181,0
DA:183,0
DA:185,0
DA:186,0
DA:192,0
DA:194,0
DA:195,0
DA:196,0
DA:197,0
DA:199,0
DA:204,0
DA:206,0
DA:207,0
DA:210,0
DA:213,0
DA:216,0
LF:94
LH:0
end_of_record
SF:lib/features/medication_management/data/models/medication_model.g.dart
DA:13,0
DA:15,0
DA:16,0
DA:17,0
DA:19,0
DA:20,0
DA:21,0
DA:22,0
DA:23,0
DA:24,0
DA:25,0
DA:26,0
DA:27,0
DA:28,0
DA:29,0
DA:30,0
DA:33,0
DA:36,0
DA:37,0
DA:38,0
DA:39,0
DA:40,0
DA:41,0
DA:42,0
DA:43,0
DA:44,0
DA:45,0
DA:46,0
DA:47,0
DA:48,0
DA:49,0
DA:50,0
DA:51,0
DA:52,0
DA:53,0
DA:54,0
DA:55,0
DA:56,0
DA:57,0
DA:58,0
DA:61,0
DA:62,0
DA:64,0
DA:67,0
DA:68,0
DA:69,0
LF:46
LH:0
end_of_record
SF:lib/features/medication_management/data/models/medication_model.dart
DA:59,0
DA:62,0
DA:63,0
DA:64,0
DA:65,0
DA:66,0
DA:67,0
DA:68,0
DA:69,0
DA:70,0
DA:72,0
DA:73,0
DA:74,0
DA:75,0
DA:76,0
DA:77,0
DA:82,0
DA:83,0
DA:84,0
DA:85,0
DA:86,0
DA:87,0
DA:88,0
DA:89,0
DA:90,0
DA:91,0
DA:92,0
DA:93,0
DA:94,0
LF:29
LH:0
end_of_record
SF:lib/features/medication_management/data/models/medication_log_model.dart
DA:37,0
DA:40,0
DA:41,0
DA:42,0
DA:43,0
DA:44,0
DA:45,0
DA:46,0
DA:47,0
DA:52,0
DA:53,0
DA:54,0
DA:55,0
DA:56,0
DA:57,0
DA:58,0
DA:59,0
LF:17
LH:0
end_of_record
SF:lib/features/medication_management/data/models/medication_log_model.g.dart
DA:13,0
DA:15,0
DA:16,0
DA:17,0
DA:19,0
DA:20,0
DA:21,0
DA:22,0
DA:23,0
DA:24,0
DA:25,0
DA:28,0
DA:31,0
DA:32,0
DA:33,0
DA:34,0
DA:35,0
DA:36,0
DA:37,0
DA:38,0
DA:39,0
DA:40,0
DA:41,0
DA:42,0
DA:43,0
DA:46,0
DA:47,0
DA:49,0
DA:52,0
DA:53,0
DA:54,0
LF:31
LH:0
end_of_record
SF:lib/features/medication_management/data/repositories/medication_repository_impl.dart
DA:14,0
DA:16,0
DA:18,0
DA:21,0
DA:23,0
DA:26,0
DA:28,0
DA:31,0
DA:34,0
DA:35,0
DA:37,0
DA:38,0
DA:40,0
DA:41,0
DA:43,0
DA:44,0
DA:46,0
DA:47,0
DA:49,0
DA:50,0
DA:51,0
DA:52,0
DA:56,0
DA:59,0
DA:62,0
DA:63,0
DA:65,0
DA:66,0
DA:68,0
DA:69,0
DA:72,0
DA:75,0
DA:77,0
DA:80,0
DA:82,0
DA:85,0
DA:89,0
DA:92,0
DA:99,0
DA:100,0
DA:101,0
DA:105,0
DA:112,0
DA:115,0
DA:116,0
DA:118,0
DA:119,0
DA:122,0
DA:125,0
DA:127,0
LF:50
LH:0
end_of_record
SF:lib/features/medication_management/domain/usecases/log_medication_dose.dart
DA:15,1
DA:25,1
DA:34,1
DA:35,1
DA:39,2
DA:40,1
DA:41,1
DA:42,2
DA:43,0
DA:49,1
DA:54,0
DA:58,1
DA:64,1
DA:68,2
DA:72,1
DA:77,2
DA:78,0
DA:82,1
DA:83,1
DA:84,0
DA:88,2
DA:89,1
DA:90,0
DA:97,1
DA:98,1
DA:99,3
LF:26
LH:21
end_of_record
SF:lib/features/nutrition_management/domain/entities/meal.dart
DA:45,4
DA:61,0
DA:62,0
DA:63,0
DA:66,0
DA:67,0
DA:68,0
DA:70,0
DA:71,0
DA:72,0
DA:73,0
DA:78,0
DA:92,0
DA:93,0
DA:94,0
DA:95,0
DA:96,0
DA:97,0
DA:98,0
DA:99,0
DA:100,0
DA:101,0
DA:102,0
DA:103,0
DA:104,0
DA:108,0
DA:111,0
DA:112,0
DA:113,0
DA:114,0
DA:115,0
DA:116,0
DA:117,0
DA:118,0
DA:119,0
DA:120,0
DA:121,0
DA:122,0
DA:123,0
DA:125,0
DA:127,0
DA:128,0
DA:129,0
DA:130,0
DA:131,0
DA:132,0
DA:133,0
DA:134,0
DA:135,0
DA:136,0
DA:137,0
DA:139,0
DA:141,0
LF:53
LH:1
end_of_record
SF:lib/features/nutrition_management/domain/entities/meal_type.dart
DA:9,0
DA:11,0
DA:13,0
DA:15,0
DA:17,0
LF:5
LH:0
end_of_record
SF:lib/features/nutrition_management/domain/usecases/calculate_macros.dart
DA:29,4
DA:46,3
DA:55,3
DA:57,3
DA:58,2
DA:67,6
DA:68,6
DA:69,6
DA:70,6
DA:71,6
DA:75,3
DA:76,2
DA:77,2
DA:82,3
DA:83,9
DA:86,3
DA:87,9
DA:90,3
DA:91,9
DA:95,6
DA:96,6
DA:97,6
DA:98,6
DA:99,6
DA:100,6
DA:101,6
DA:103,6
LF:27
LH:27
end_of_record
SF:lib/features/nutrition_management/domain/usecases/get_daily_macro_summary.dart
DA:15,1
DA:23,1
DA:25,1
DA:26,2
DA:30,4
DA:31,2
DA:32,7
DA:33,1
DA:34,1
DA:36,1
DA:38,2
DA:50,2
LF:12
LH:12
end_of_record
SF:lib/features/nutrition_management/domain/entities/recipe.dart
DA:60,2
DA:81,0
DA:84,0
DA:103,0
DA:104,0
DA:105,0
DA:106,0
DA:107,0
DA:108,0
DA:109,0
DA:110,0
DA:111,0
DA:112,0
DA:113,0
DA:114,0
DA:115,0
DA:116,0
DA:117,0
DA:118,0
DA:119,0
DA:120,0
DA:124,0
DA:127,0
DA:128,0
DA:129,0
DA:130,0
DA:131,0
DA:132,0
DA:133,0
DA:134,0
DA:135,0
DA:136,0
DA:137,0
DA:138,0
DA:139,0
DA:140,0
DA:141,0
DA:142,0
DA:143,0
DA:145,0
DA:147,0
DA:148,0
DA:149,0
DA:150,0
DA:151,0
DA:152,0
DA:153,0
DA:154,0
DA:155,0
DA:156,0
DA:157,0
DA:158,0
DA:159,0
DA:160,0
DA:161,0
DA:163,0
DA:165,0
LF:57
LH:1
end_of_record
SF:lib/features/nutrition_management/domain/usecases/log_meal.dart
DA:17,1
DA:25,1
DA:39,1
DA:40,1
DA:43,1
DA:52,1
DA:56,1
DA:68,1
DA:72,2
DA:76,1
DA:85,2
DA:86,1
DA:90,1
DA:91,1
DA:92,2
DA:98,1
DA:99,0
DA:103,1
DA:104,1
DA:106,1
DA:107,0
DA:109,1
DA:110,0
DA:114,1
DA:115,1
DA:119,2
DA:120,2
DA:121,1
DA:124,3
DA:125,1
DA:126,3
DA:134,1
DA:135,1
DA:136,3
LF:34
LH:31
end_of_record
SF:lib/features/nutrition_management/domain/entities/recipe_difficulty.dart
DA:8,0
DA:10,0
DA:12,0
DA:14,0
LF:4
LH:0
end_of_record
SF:lib/features/nutrition_management/domain/usecases/search_recipes.dart
DA:15,1
DA:24,1
DA:26,2
DA:27,2
DA:31,2
DA:41,1
DA:43,2
DA:44,2
DA:47,1
DA:48,2
DA:52,2
DA:55,2
DA:57,3
DA:62,1
DA:63,3
DA:68,2
DA:69,3
DA:76,2
DA:77,3
DA:84,1
DA:86,1
LF:21
LH:21
end_of_record
SF:lib/features/nutrition_management/presentation/providers/nutrition_providers.dart
DA:10,4
DA:11,1
DA:15,0
DA:16,0
DA:17,0
DA:24,4
DA:25,4
DA:28,4
DA:29,2
DA:31,2
DA:32,2
DA:34,2
DA:36,1
DA:38,2
DA:39,4
DA:40,1
DA:41,1
DA:45,1
DA:46,1
DA:48,1
DA:50,1
DA:56,0
DA:65,6
DA:66,2
DA:68,6
DA:70,2
DA:71,2
DA:72,2
DA:74,2
DA:87,2
DA:88,1
DA:90,1
DA:91,0
DA:93,0
DA:103,1
DA:106,1
DA:108,1
DA:118,0
DA:120,0
DA:138,4
DA:140,2
DA:141,1
DA:143,1
DA:144,1
DA:146,1
DA:148,1
DA:152,0
LF:47
LH:38
end_of_record
SF:lib/features/nutrition_management/presentation/providers/nutrition_repository_provider.dart
DA:7,0
DA:8,0
DA:9,0
DA:13,2
DA:14,1
DA:15,0
DA:16,0
LF:7
LH:2
end_of_record
SF:lib/features/nutrition_management/data/datasources/local/nutrition_local_datasource.dart
DA:15,0
DA:16,0
DA:17,0
DA:19,0
DA:23,0
DA:24,0
DA:25,0
DA:27,0
DA:31,0
DA:33,0
DA:34,0
DA:37,0
DA:40,0
DA:42,0
DA:47,0
DA:49,0
DA:50,0
DA:51,0
DA:52,0
DA:53,0
DA:55,0
DA:57,0
DA:62,0
DA:68,0
DA:69,0
DA:70,0
DA:72,0
DA:73,0
DA:74,0
DA:75,0
DA:76,0
DA:77,0
DA:78,0
DA:80,0
DA:81,0
DA:83,0
DA:84,0
DA:86,0
DA:88,0
DA:93,0
DA:98,0
DA:99,0
DA:101,0
DA:102,0
DA:103,0
DA:104,0
DA:105,0
DA:106,0
DA:107,0
DA:109,0
DA:111,0
DA:112,0
DA:114,0
DA:116,0
DA:121,0
DA:127,0
DA:128,0
DA:130,0
DA:131,0
DA:132,0
DA:133,0
DA:134,0
DA:135,0
DA:136,0
DA:137,0
DA:139,0
DA:141,0
DA:142,0
DA:144,0
DA:146,0
DA:151,0
DA:153,0
DA:154,0
DA:155,0
DA:156,0
DA:158,0
DA:163,0
DA:165,0
DA:166,0
DA:169,0
DA:172,0
DA:173,0
DA:174,0
DA:176,0
DA:181,0
DA:183,0
DA:184,0
DA:187,0
DA:190,0
DA:193,0
DA:198,0
DA:200,0
DA:201,0
DA:204,0
DA:207,0
DA:209,0
DA:214,0
DA:216,0
DA:217,0
DA:218,0
DA:219,0
DA:221,0
DA:223,0
DA:228,0
DA:230,0
DA:231,0
DA:232,0
DA:233,0
DA:234,0
DA:235,0
DA:238,0
DA:239,0
DA:241,0
DA:243,0
DA:248,0
DA:250,0
DA:251,0
DA:252,0
DA:253,0
DA:254,0
DA:255,0
DA:257,0
DA:258,0
DA:260,0
DA:262,0
DA:267,0
DA:269,0
DA:270,0
DA:271,0
DA:272,0
DA:274,0
DA:279,0
DA:281,0
DA:282,0
DA:285,0
DA:288,0
DA:289,0
DA:290,0
DA:292,0
DA:297,0
DA:299,0
DA:300,0
DA:303,0
DA:306,0
DA:309,0
LF:145
LH:0
end_of_record
SF:lib/features/nutrition_management/data/models/meal_model.dart
DA:62,0
DA:65,0
DA:66,0
DA:67,0
DA:68,0
DA:69,0
DA:70,0
DA:71,0
DA:72,0
DA:74,0
DA:75,0
DA:76,0
DA:77,0
DA:78,0
DA:79,0
DA:80,0
DA:81,0
DA:86,0
DA:87,0
DA:88,0
DA:89,0
DA:90,0
DA:91,0
DA:92,0
DA:93,0
DA:94,0
DA:95,0
DA:96,0
DA:97,0
DA:98,0
DA:99,0
LF:31
LH:0
end_of_record
SF:lib/features/nutrition_management/data/models/meal_model.g.dart
DA:13,0
DA:15,0
DA:16,0
DA:17,0
DA:19,0
DA:20,0
DA:21,0
DA:22,0
DA:23,0
DA:24,0
DA:25,0
DA:26,0
DA:27,0
DA:28,0
DA:29,0
DA:30,0
DA:31,0
DA:34,0
DA:37,0
DA:38,0
DA:39,0
DA:40,0
DA:41,0
DA:42,0
DA:43,0
DA:44,0
DA:45,0
DA:46,0
DA:47,0
DA:48,0
DA:49,0
DA:50,0
DA:51,0
DA:52,0
DA:53,0
DA:54,0
DA:55,0
DA:56,0
DA:57,0
DA:58,0
DA:59,0
DA:60,0
DA:61,0
DA:64,0
DA:65,0
DA:67,0
DA:70,0
DA:71,0
DA:72,0
LF:49
LH:0
end_of_record
SF:lib/features/nutrition_management/data/models/recipe_model.g.dart
DA:13,0
DA:15,0
DA:16,0
DA:17,0
DA:19,0
DA:20,0
DA:21,0
DA:22,0
DA:23,0
DA:24,0
DA:25,0
DA:26,0
DA:27,0
DA:28,0
DA:29,0
DA:30,0
DA:31,0
DA:32,0
DA:33,0
DA:34,0
DA:35,0
DA:36,0
DA:39,0
DA:42,0
DA:43,0
DA:44,0
DA:45,0
DA:46,0
DA:47,0
DA:48,0
DA:49,0
DA:50,0
DA:51,0
DA:52,0
DA:53,0
DA:54,0
DA:55,0
DA:56,0
DA:57,0
DA:58,0
DA:59,0
DA:60,0
DA:61,0
DA:62,0
DA:63,0
DA:64,0
DA:65,0
DA:66,0
DA:67,0
DA:68,0
DA:69,0
DA:70,0
DA:71,0
DA:72,0
DA:73,0
DA:74,0
DA:75,0
DA:76,0
DA:79,0
DA:80,0
DA:82,0
DA:85,0
DA:86,0
DA:87,0
LF:64
LH:0
end_of_record
SF:lib/features/nutrition_management/data/models/recipe_model.dart
DA:82,0
DA:85,0
DA:86,0
DA:87,0
DA:88,0
DA:89,0
DA:90,0
DA:91,0
DA:92,0
DA:93,0
DA:94,0
DA:95,0
DA:97,0
DA:98,0
DA:99,0
DA:100,0
DA:101,0
DA:102,0
DA:103,0
DA:104,0
DA:105,0
DA:106,0
DA:111,0
DA:112,0
DA:113,0
DA:114,0
DA:115,0
DA:116,0
DA:117,0
DA:118,0
DA:119,0
DA:120,0
DA:121,0
DA:122,0
DA:123,0
DA:124,0
DA:125,0
DA:126,0
DA:127,0
DA:128,0
DA:129,0
LF:41
LH:0
end_of_record
SF:lib/features/nutrition_management/data/repositories/nutrition_repository_impl.dart
DA:14,0
DA:16,0
DA:18,0
DA:21,0
DA:23,0
DA:26,0
DA:33,0
DA:34,0
DA:35,0
DA:39,0
DA:46,0
DA:48,0
DA:51,0
DA:57,0
DA:60,0
DA:63,0
DA:64,0
DA:66,0
DA:67,0
DA:69,0
DA:70,0
DA:72,0
DA:73,0
DA:75,0
DA:76,0
DA:78,0
DA:79,0
DA:80,0
DA:83,0
DA:84,0
DA:86,0
DA:87,0
DA:90,0
DA:93,0
DA:96,0
DA:97,0
DA:100,0
DA:103,0
DA:105,0
DA:108,0
DA:110,0
DA:113,0
DA:115,0
DA:118,0
DA:120,0
DA:121,0
DA:124,0
DA:127,0
DA:129,0
DA:130,0
DA:133,0
DA:136,0
DA:139,0
DA:140,0
DA:142,0
DA:143,0
DA:145,0
DA:146,0
DA:148,0
DA:149,0
DA:151,0
DA:152,0
DA:154,0
DA:155,0
DA:158,0
DA:161,0
DA:164,0
DA:165,0
DA:168,0
DA:171,0
DA:173,0
LF:71
LH:0
end_of_record
SF:lib/main.dart
DA:8,0
DA:9,0
DA:12,0
DA:13,0
DA:14,0
DA:16,0
DA:21,0
DA:26,0
DA:34,2
DA:36,1
DA:38,1
DA:40,1
DA:41,1
DA:52,0
DA:65,0
DA:66,0
DA:72,0
DA:73,0
DA:79,0
DA:83,0
DA:91,0
DA:92,0
DA:96,0
DA:99,0
DA:101,0
DA:104,0
DA:119,0
DA:121,0
DA:122,0
DA:123,0
DA:128,0
DA:129,0
LF:32
LH:5
end_of_record
SF:lib/core/navigation/app_router.dart
DA:18,0
DA:34,0
DA:37,0
DA:38,0
DA:39,0
DA:40,0
DA:41,0
DA:44,0
DA:45,0
DA:46,0
DA:49,0
DA:50,0
DA:51,0
DA:54,0
DA:55,0
DA:56,0
DA:59,0
DA:60,0
DA:61,0
DA:64,0
DA:65,0
DA:66,0
DA:69,0
DA:70,0
DA:71,0
DA:74,0
DA:75,0
DA:76,0
DA:79,0
DA:80,0
DA:81,0
DA:84,0
DA:85,0
DA:86,0
DA:90,0
DA:91,0
DA:98,0
DA:99,0
DA:103,0
DA:104,0
DA:108,0
DA:109,0
LF:42
LH:0
end_of_record
SF:lib/core/pages/main_navigation_page.dart
DA:24,1
DA:26,1
DA:28,1
DA:30,1
DA:32,1
DA:34,1
DA:36,1
DA:41,1
DA:43,1
DA:45,1
DA:47,1
DA:49,1
DA:51,1
DA:53,1
DA:60,7
DA:64,4
DA:66,2
DA:68,2
DA:81,2
DA:83,6
DA:85,1
DA:86,1
DA:88,1
DA:90,1
DA:92,1
DA:93,5
DA:95,2
DA:96,1
DA:97,2
DA:98,1
DA:100,1
LF:31
LH:31
end_of_record
SF:lib/core/providers/database_initializer.dart
DA:31,0
DA:41,0
DA:44,0
DA:48,0
DA:49,0
DA:51,0
DA:52,0
DA:54,0
DA:55,0
DA:57,0
DA:58,0
DA:60,0
DA:61,0
DA:63,0
DA:64,0
DA:66,0
DA:67,0
DA:69,0
DA:70,0
DA:72,0
DA:73,0
DA:75,0
DA:76,0
DA:78,0
DA:79,0
DA:81,0
DA:82,0
DA:86,0
DA:87,0
DA:89,0
DA:90,0
DA:92,0
DA:93,0
DA:95,0
DA:96,0
DA:98,0
DA:99,0
DA:101,0
DA:102,0
DA:104,0
DA:105,0
DA:107,0
DA:108,0
DA:110,0
DA:111,0
DA:113,0
DA:114,0
DA:116,0
DA:117,0
DA:119,0
DA:120,0
DA:124,0
DA:125,0
DA:126,0
DA:129,0
DA:131,0
DA:136,0
DA:137,0
DA:138,0
DA:145,0
DA:146,0
DA:147,0
DA:153,0
DA:155,0
DA:157,0
DA:166,0
DA:167,0
DA:187,0
DA:188,0
DA:189,0
DA:191,0
DA:193,0
DA:194,0
DA:206,0
DA:217,0
DA:226,0
DA:232,0
DA:233,0
DA:245,0
DA:258,0
DA:267,0
DA:273,0
DA:274,0
DA:286,0
DA:295,0
DA:304,0
DA:310,0
DA:311,0
DA:323,0
DA:330,0
DA:338,0
DA:344,0
DA:345,0
DA:357,0
DA:370,0
DA:381,0
DA:387,0
DA:388,0
DA:400,0
DA:410,0
DA:418,0
DA:424,0
DA:425,0
DA:437,0
DA:449,0
DA:458,0
DA:464,0
DA:465,0
DA:477,0
DA:490,0
DA:498,0
DA:505,0
DA:506,0
DA:507,0
LF:114
LH:0
end_of_record
SF:lib/core/errors/error_handler.dart
DA:7,0
DA:12,0
DA:15,0
DA:20,0
DA:23,0
DA:25,0
DA:30,0
DA:31,0
DA:32,0
DA:33,0
DA:34,0
DA:35,0
DA:43,0
DA:44,0
DA:45,0
DA:46,0
DA:47,0
DA:49,0
DA:50,0
DA:51,0
DA:52,0
DA:53,0
DA:54,0
DA:55,0
DA:56,0
DA:58,0
DA:63,0
DA:64,0
DA:66,0
DA:67,0
DA:69,0
DA:70,0
DA:72,0
DA:74,0
DA:76,0
DA:77,0
DA:84,0
DA:89,0
DA:91,0
DA:92,0
DA:93,0
DA:94,0
DA:95,0
LF:43
LH:0
end_of_record
SF:lib/core/constants/ui_constants.dart
DA:3,0
LF:1
LH:0
end_of_record
SF:lib/core/data/models/user_preferences_model.g.dart
DA:13,0
DA:15,0
DA:16,0
DA:17,0
DA:19,0
DA:20,0
DA:21,0
DA:22,0
DA:23,0
DA:24,0
DA:25,0
DA:26,0
DA:27,0
DA:30,0
DA:33,0
DA:34,0
DA:35,0
DA:36,0
DA:37,0
DA:38,0
DA:39,0
DA:40,0
DA:41,0
DA:42,0
DA:43,0
DA:44,0
DA:45,0
DA:46,0
DA:47,0
DA:48,0
DA:49,0
DA:52,0
DA:53,0
DA:55,0
DA:58,0
DA:59,0
DA:60,0
LF:37
LH:0
end_of_record
SF:lib/core/data/models/user_preferences_model.dart
DA:46,0
DA:49,0
DA:50,0
DA:51,0
DA:52,0
DA:53,0
DA:54,0
DA:55,0
DA:56,0
DA:57,0
DA:58,0
DA:59,0
DA:60,0
DA:65,0
DA:66,0
DA:67,0
DA:68,0
DA:69,0
DA:70,0
DA:71,0
DA:72,0
DA:73,0
DA:74,0
DA:75,0
LF:24
LH:0
end_of_record
SF:lib/core/entities/user_preferences.dart
DA:45,0
DA:61,0
DA:62,0
DA:64,0
DA:65,0
DA:66,0
DA:67,0
DA:68,0
DA:83,0
DA:97,0
DA:98,0
DA:99,0
DA:100,0
DA:101,0
DA:102,0
DA:104,0
DA:105,0
DA:106,0
DA:107,0
DA:108,0
DA:109,0
DA:110,0
DA:114,0
DA:117,0
DA:118,0
DA:119,0
DA:120,0
DA:121,0
DA:122,0
DA:123,0
DA:124,0
DA:125,0
DA:126,0
DA:127,0
DA:128,0
DA:129,0
DA:130,0
DA:132,0
DA:134,0
DA:135,0
DA:136,0
DA:137,0
DA:138,0
DA:139,0
DA:140,0
DA:141,0
DA:142,0
DA:143,0
DA:144,0
DA:145,0
DA:147,0
DA:149,0
LF:52
LH:0
end_of_record
SF:lib/core/entities/recommended_action.dart
DA:57,0
LF:1
LH:0
end_of_record
SF:lib/core/errors/exceptions.dart
DA:10,0
DA:12,0
DA:13,0
DA:19,0
DA:28,0
DA:40,0
DA:46,0
DA:55,0
LF:8
LH:0
end_of_record
SF:lib/features/health_tracking/presentation/pages/health_tracking_page.dart
DA:23,4
DA:25,1
DA:27,1
DA:28,2
DA:29,2
DA:31,1
DA:32,1
DA:35,1
DA:36,1
DA:37,1
DA:38,4
DA:41,1
DA:42,0
DA:43,0
DA:44,1
DA:51,1
DA:55,0
DA:56,0
DA:57,0
DA:58,0
DA:62,0
DA:63,0
DA:64,0
DA:65,0
DA:69,0
DA:70,0
DA:71,0
DA:72,0
DA:76,1
DA:77,1
DA:78,1
DA:79,1
DA:82,1
DA:83,1
DA:84,1
DA:85,1
DA:86,0
DA:91,1
DA:92,1
DA:93,1
DA:94,1
DA:96,0
DA:101,0
DA:102,0
DA:103,0
DA:104,0
DA:107,1
DA:109,1
DA:111,1
DA:118,1
DA:120,3
DA:121,1
DA:123,1
DA:125,1
DA:126,1
DA:128,3
DA:133,1
DA:138,1
DA:140,1
DA:141,0
DA:142,0
DA:144,0
DA:147,0
DA:149,0
DA:150,0
DA:152,0
DA:153,0
DA:154,0
DA:155,0
DA:161,1
DA:167,0
DA:168,0
DA:169,0
DA:170,0
DA:176,1
DA:178,1
DA:181,0
DA:182,0
DA:183,0
DA:185,0
DA:186,0
DA:187,0
DA:188,0
DA:189,0
DA:195,1
DA:198,0
DA:199,0
DA:200,0
DA:202,0
DA:203,0
DA:204,0
DA:205,0
DA:206,0
DA:212,1
DA:215,0
DA:216,0
DA:217,0
DA:219,0
DA:220,0
DA:221,0
DA:222,0
DA:223,0
DA:229,1
DA:235,0
DA:236,0
DA:237,0
DA:238,0
DA:258,1
DA:260,1
DA:261,0
DA:262,0
DA:263,1
DA:266,0
DA:267,0
DA:268,1
DA:269,0
DA:272,0
DA:273,0
DA:274,0
DA:277,1
DA:278,0
DA:279,0
DA:280,0
DA:281,0
DA:285,0
DA:286,0
DA:287,0
DA:288,0
DA:297,1
DA:299,1
DA:300,0
DA:301,0
DA:302,1
DA:307,0
DA:308,1
DA:309,0
DA:312,0
DA:313,0
DA:316,1
DA:317,0
DA:318,0
DA:319,0
DA:320,0
DA:324,0
DA:325,0
DA:326,0
DA:327,0
DA:336,1
DA:341,0
DA:342,0
DA:343,0
DA:344,0
DA:348,0
DA:349,0
DA:350,0
DA:351,0
DA:360,1
DA:364,1
DA:366,1
DA:367,0
DA:368,0
DA:369,0
DA:370,0
DA:371,0
DA:372,0
DA:374,0
DA:375,0
DA:377,0
DA:378,0
DA:381,0
DA:382,0
DA:383,0
DA:391,0
DA:392,0
DA:393,0
DA:395,0
DA:396,0
DA:398,0
DA:399,0
DA:402,0
DA:403,0
DA:404,0
DA:414,1
DA:415,1
DA:417,3
DA:418,3
DA:424,0
DA:425,0
DA:426,0
DA:427,0
DA:431,0
DA:432,0
DA:433,0
DA:434,0
DA:443,1
DA:448,0
DA:450,0
DA:453,0
DA:457,0
DA:458,0
DA:459,0
DA:460,0
DA:464,0
DA:465,0
DA:466,0
DA:467,0
DA:476,1
DA:477,0
DA:478,0
DA:484,1
DA:492,1
DA:494,1
DA:495,1
DA:500,1
DA:502,3
DA:503,0
DA:504,1
DA:505,1
DA:507,3
DA:508,0
DA:512,1
DA:515,1
DA:516,1
DA:518,3
DA:519,3
DA:527,1
DA:529,3
DA:533,3
DA:540,0
DA:542,0
DA:543,0
LF:231
LH:82
end_of_record
SF:lib/features/nutrition_management/presentation/pages/nutrition_page.dart
DA:14,4
DA:16,1
DA:18,1
DA:19,1
DA:20,4
DA:22,3
DA:23,3
DA:25,1
DA:26,1
DA:29,1
DA:31,1
DA:33,1
DA:35,1
DA:36,1
DA:38,1
DA:40,1
DA:41,1
DA:43,1
DA:44,1
DA:46,3
DA:50,1
DA:51,0
DA:52,0
DA:53,0
DA:54,0
DA:65,1
DA:67,1
DA:68,1
DA:70,2
DA:72,1
DA:73,3
DA:74,3
DA:76,2
DA:85,1
DA:87,1
DA:88,1
DA:91,1
DA:93,1
DA:96,1
DA:99,1
DA:101,1
DA:104,1
DA:107,1
DA:109,1
DA:127,1
DA:128,1
DA:130,1
DA:132,1
DA:133,1
DA:135,3
DA:140,1
DA:141,1
DA:142,1
DA:143,1
DA:146,0
DA:147,0
DA:148,0
DA:149,0
DA:156,1
DA:157,1
DA:160,0
DA:161,0
DA:162,0
DA:163,0
DA:170,1
DA:171,1
DA:174,0
DA:175,0
DA:176,0
DA:177,0
DA:193,1
DA:194,1
DA:196,1
DA:198,1
DA:199,1
DA:201,1
DA:202,1
DA:204,3
DA:208,1
DA:209,0
DA:210,0
DA:211,0
DA:212,0
DA:221,1
DA:222,1
DA:223,1
DA:224,1
DA:226,1
DA:228,3
DA:229,3
DA:237,0
DA:238,0
DA:240,0
DA:241,0
DA:242,0
DA:243,0
DA:246,1
DA:247,0
DA:249,0
DA:251,0
DA:252,0
DA:270,1
DA:278,1
DA:279,1
DA:280,1
DA:283,1
DA:284,1
DA:287,1
DA:288,1
DA:289,2
DA:290,1
DA:299,1
DA:301,2
DA:303,1
DA:304,2
DA:305,3
DA:320,1
DA:326,1
DA:328,1
DA:329,1
DA:330,1
DA:331,1
DA:332,1
DA:334,1
DA:335,1
DA:336,3
DA:338,1
DA:340,1
DA:341,1
DA:342,1
DA:343,1
DA:345,2
DA:348,1
DA:349,1
DA:350,3
LF:135
LH:105
end_of_record
SF:lib/features/exercise_management/presentation/pages/exercise_page.dart
DA:21,4
DA:23,1
DA:25,1
DA:26,1
DA:27,5
DA:28,5
DA:30,2
DA:31,1
DA:35,3
DA:37,1
DA:38,1
DA:41,1
DA:43,1
DA:45,1
DA:47,1
DA:48,1
DA:50,1
DA:52,1
DA:53,1
DA:55,3
DA:60,1
DA:62,1
DA:63,1
DA:70,1
DA:77,1
DA:87,1
DA:89,3
DA:90,3
DA:102,1
DA:104,1
DA:105,1
DA:107,3
DA:111,1
DA:112,0
DA:113,0
DA:114,0
DA:115,0
DA:124,1
DA:125,1
DA:126,1
DA:127,1
DA:128,1
DA:130,1
DA:131,1
DA:132,1
DA:135,3
DA:138,1
DA:140,3
DA:141,3
DA:145,1
DA:146,0
DA:147,0
DA:148,0
DA:149,0
DA:161,0
DA:162,0
DA:163,0
DA:165,0
DA:167,0
DA:170,1
DA:171,0
DA:179,1
DA:181,1
DA:182,1
DA:184,3
DA:188,1
DA:189,0
DA:197,1
DA:198,1
DA:199,1
DA:200,1
DA:201,1
DA:203,1
DA:204,1
DA:205,1
DA:208,3
DA:211,1
DA:213,3
DA:214,3
DA:223,0
DA:224,0
DA:225,0
DA:226,0
DA:229,0
DA:230,0
DA:231,0
DA:232,0
DA:235,1
DA:236,0
DA:244,1
DA:246,3
DA:251,1
DA:253,0
DA:254,0
DA:255,0
DA:256,0
DA:264,1
DA:266,0
DA:267,0
DA:268,0
DA:269,0
DA:284,1
DA:291,1
DA:292,1
DA:293,1
DA:295,1
DA:297,3
DA:301,1
DA:303,3
DA:304,3
LF:110
LH:78
end_of_record
SF:lib/features/medication_management/presentation/pages/medication_page.dart
DA:12,2
DA:14,0
DA:16,0
DA:17,0
DA:19,0
DA:20,0
DA:23,0
DA:24,0
DA:25,0
DA:26,0
DA:27,0
DA:29,0
DA:30,0
DA:33,0
DA:36,0
DA:38,0
DA:39,0
DA:43,0
DA:45,0
DA:46,0
DA:54,0
DA:55,0
DA:57,0
DA:59,0
DA:61,0
DA:65,0
DA:66,0
DA:68,0
DA:73,0
DA:75,0
DA:76,0
DA:77,0
DA:78,0
DA:85,0
DA:87,0
DA:88,0
DA:90,0
DA:95,0
DA:97,0
DA:98,0
DA:99,0
DA:100,0
DA:112,0
DA:113,0
DA:114,0
DA:117,0
DA:118,0
DA:124,0
DA:125,0
DA:127,0
LF:50
LH:1
end_of_record
SF:lib/features/behavioral_support/presentation/pages/behavioral_support_page.dart
DA:11,4
DA:13,0
DA:15,0
DA:16,0
DA:17,0
DA:19,0
DA:20,0
DA:23,0
DA:25,0
DA:27,0
DA:29,0
DA:30,0
DA:31,0
DA:32,0
DA:34,0
DA:37,0
DA:38,0
DA:40,0
DA:42,0
DA:43,0
DA:45,0
DA:46,0
DA:48,0
DA:52,0
DA:53,0
DA:54,0
DA:55,0
DA:56,0
DA:65,0
DA:67,0
DA:68,0
DA:71,0
DA:74,0
DA:77,0
DA:87,0
DA:93,0
DA:94,0
DA:96,0
DA:104,0
DA:105,0
DA:106,0
DA:107,0
DA:109,0
DA:110,0
DA:112,0
DA:114,0
DA:115,0
DA:117,0
DA:122,0
DA:124,0
DA:125,0
DA:128,0
DA:131,0
DA:134,0
DA:144,0
DA:150,0
DA:151,0
DA:153,0
DA:161,0
DA:163,0
DA:168,0
DA:171,0
DA:172,0
DA:173,0
DA:174,0
DA:181,0
DA:185,0
DA:187,0
DA:199,0
DA:200,0
DA:201,0
DA:202,0
DA:204,0
DA:206,0
DA:210,0
DA:212,0
DA:213,0
LF:77
LH:1
end_of_record
SF:lib/core/pages/settings_page.dart
DA:15,4
DA:17,1
DA:20,1
DA:21,1
DA:24,1
DA:26,1
DA:28,1
DA:29,1
DA:34,0
DA:35,0
DA:36,0
DA:37,0
DA:42,1
DA:47,0
DA:48,0
DA:49,0
DA:50,0
DA:58,1
DA:59,1
DA:64,0
DA:65,0
DA:68,1
DA:73,0
DA:74,0
DA:80,1
DA:81,1
DA:93,1
DA:94,1
DA:95,1
DA:100,1
DA:102,3
DA:104,2
DA:110,1
DA:117,1
DA:118,1
DA:119,1
DA:120,1
LF:37
LH:25
end_of_record
SF:lib/core/pages/analytics_page.dart
DA:14,4
DA:16,1
DA:18,1
DA:19,2
DA:21,1
DA:22,1
DA:25,1
DA:26,1
DA:27,1
DA:28,1
DA:35,0
DA:37,0
DA:39,0
DA:40,0
DA:41,0
DA:43,0
DA:45,0
DA:46,0
DA:48,0
DA:53,0
DA:56,0
DA:63,0
DA:64,0
DA:66,0
DA:68,0
DA:69,0
DA:71,0
DA:76,0
DA:77,0
DA:78,0
DA:80,0
DA:91,1
DA:97,0
DA:98,0
DA:100,0
DA:101,0
DA:102,0
DA:103,0
LF:38
LH:11
end_of_record
SF:lib/core/pages/export_page.dart
DA:13,2
DA:15,0
DA:16,0
DA:24,0
DA:26,0
DA:27,0
DA:28,0
DA:35,0
DA:36,0
DA:37,0
DA:40,0
DA:42,0
DA:49,0
DA:53,0
DA:54,0
DA:55,0
DA:56,0
DA:59,0
DA:61,0
DA:62,0
DA:63,0
DA:64,0
DA:65,0
DA:68,0
DA:69,0
DA:70,0
DA:71,0
DA:75,0
DA:80,0
DA:82,0
DA:83,0
DA:84,0
DA:85,0
DA:86,0
DA:91,0
DA:92,0
DA:100,0
DA:101,0
DA:102,0
DA:103,0
DA:104,0
DA:111,0
DA:112,0
DA:113,0
DA:114,0
DA:122,0
DA:125,0
DA:128,0
DA:130,0
DA:133,0
DA:135,0
DA:144,0
DA:145,0
DA:146,0
DA:149,0
DA:151,0
DA:152,0
DA:153,0
DA:163,0
DA:165,0
DA:166,0
DA:169,0
DA:171,0
DA:173,0
DA:175,0
DA:176,0
DA:178,0
DA:180,0
DA:181,0
DA:182,0
DA:183,0
DA:185,0
DA:188,0
DA:190,0
DA:201,0
DA:203,0
DA:213,0
DA:214,0
DA:215,0
DA:216,0
DA:217,0
DA:218,0
DA:221,0
DA:223,0
DA:229,0
DA:231,0
DA:232,0
DA:233,0
DA:235,0
DA:237,0
DA:238,0
DA:239,0
DA:240,0
DA:242,0
DA:245,0
DA:247,0
DA:252,0
DA:253,0
DA:254,0
DA:257,0
DA:259,0
LF:101
LH:1
end_of_record
SF:lib/core/pages/import_page.dart
DA:14,2
DA:16,0
DA:17,0
DA:27,0
DA:29,0
DA:31,0
DA:36,0
DA:40,0
DA:41,0
DA:44,0
DA:47,0
DA:48,0
DA:49,0
DA:50,0
DA:51,0
DA:52,0
DA:53,0
DA:55,0
DA:56,0
DA:57,0
DA:58,0
DA:59,0
DA:66,0
DA:67,0
DA:78,0
DA:79,0
DA:80,0
DA:81,0
DA:85,0
DA:89,0
DA:90,0
DA:91,0
DA:92,0
DA:93,0
DA:100,0
DA:101,0
DA:103,0
DA:104,0
DA:105,0
DA:108,0
DA:110,0
DA:111,0
DA:112,0
DA:113,0
DA:114,0
DA:117,0
DA:118,0
DA:119,0
DA:120,0
DA:126,0
DA:127,0
DA:130,0
DA:131,0
DA:132,0
DA:139,0
DA:140,0
DA:141,0
DA:144,0
DA:146,0
DA:153,0
DA:157,0
DA:158,0
DA:159,0
DA:162,0
DA:164,0
DA:165,0
DA:166,0
DA:167,0
DA:168,0
DA:171,0
DA:172,0
DA:173,0
DA:177,0
DA:182,0
DA:183,0
DA:184,0
DA:185,0
DA:193,0
DA:194,0
DA:195,0
DA:197,0
DA:198,0
DA:199,0
DA:208,0
DA:210,0
DA:211,0
DA:214,0
DA:216,0
DA:218,0
DA:220,0
DA:221,0
DA:223,0
DA:225,0
DA:226,0
DA:227,0
DA:228,0
DA:230,0
DA:233,0
DA:235,0
DA:245,0
DA:247,0
DA:248,0
DA:252,0
DA:254,0
DA:266,0
DA:267,0
DA:270,0
DA:276,0
DA:278,0
DA:279,0
DA:281,0
DA:283,0
DA:284,0
DA:286,0
DA:289,0
DA:290,0
DA:291,0
DA:293,0
DA:296,0
DA:298,0
DA:299,0
DA:300,0
DA:301,0
DA:304,0
DA:306,0
DA:310,0
DA:311,0
DA:312,0
DA:313,0
DA:314,0
DA:316,0
DA:329,0
DA:332,0
DA:333,0
DA:334,0
DA:335,0
DA:336,0
DA:337,0
DA:340,0
DA:343,0
DA:344,0
LF:141
LH:1
end_of_record
SF:lib/core/widgets/empty_state_widget.dart
DA:26,7
DA:35,1
DA:37,1
DA:38,2
DA:39,1
DA:41,1
DA:43,1
DA:44,1
DA:46,1
DA:49,1
DA:50,2
DA:51,1
DA:52,1
DA:53,1
DA:54,4
DA:56,1
DA:58,1
DA:59,1
DA:60,3
DA:63,2
DA:64,1
DA:65,1
DA:66,1
DA:67,4
DA:68,4
DA:73,1
DA:74,0
DA:75,0
DA:76,0
DA:77,0
LF:30
LH:26
end_of_record
SF:lib/core/utils/export_utils.dart
DA:32,0
DA:37,0
DA:39,0
DA:41,0
DA:45,0
DA:47,0
DA:48,0
DA:50,0
DA:52,0
DA:54,0
DA:58,0
DA:63,0
DA:64,0
DA:68,0
DA:70,0
DA:72,0
DA:77,0
DA:78,0
DA:79,0
DA:87,0
DA:91,0
DA:92,0
DA:93,0
DA:95,0
DA:96,0
DA:97,0
DA:99,0
DA:100,0
DA:101,0
DA:103,0
DA:104,0
DA:105,0
DA:107,0
DA:108,0
DA:109,0
DA:110,0
DA:111,0
DA:113,0
DA:114,0
DA:115,0
DA:117,0
DA:118,0
DA:119,0
DA:121,0
DA:122,0
DA:123,0
DA:125,0
DA:126,0
DA:127,0
DA:129,0
DA:130,0
DA:131,0
DA:133,0
DA:134,0
DA:135,0
DA:141,0
DA:147,0
DA:148,0
DA:150,0
DA:151,0
DA:154,0
DA:155,0
DA:156,0
DA:157,0
DA:160,0
DA:161,0
DA:162,0
DA:172,0
DA:173,0
DA:176,0
DA:177,0
DA:178,0
DA:179,0
DA:180,0
DA:181,0
DA:182,0
DA:183,0
DA:184,0
DA:185,0
DA:186,0
DA:187,0
DA:189,0
DA:190,0
DA:191,0
DA:192,0
DA:193,0
DA:194,0
DA:195,0
DA:196,0
DA:197,0
DA:198,0
DA:199,0
DA:200,0
DA:201,0
DA:202,0
DA:203,0
DA:204,0
DA:206,0
DA:207,0
DA:208,0
DA:209,0
DA:210,0
DA:211,0
DA:212,0
DA:213,0
DA:214,0
DA:215,0
DA:216,0
DA:217,0
DA:218,0
DA:220,0
DA:221,0
DA:222,0
DA:223,0
DA:224,0
DA:225,0
DA:226,0
DA:227,0
DA:229,0
DA:230,0
DA:231,0
DA:232,0
DA:233,0
DA:234,0
DA:235,0
DA:236,0
DA:237,0
DA:238,0
DA:239,0
DA:240,0
DA:241,0
DA:242,0
DA:244,0
DA:245,0
DA:246,0
DA:247,0
DA:248,0
DA:249,0
DA:250,0
DA:251,0
DA:252,0
DA:253,0
DA:254,0
DA:255,0
DA:256,0
DA:257,0
DA:258,0
DA:259,0
DA:260,0
DA:261,0
DA:262,0
DA:264,0
DA:265,0
DA:266,0
DA:267,0
DA:268,0
DA:269,0
DA:270,0
DA:271,0
DA:272,0
DA:273,0
DA:274,0
DA:275,0
DA:276,0
DA:277,0
DA:278,0
DA:279,0
DA:280,0
DA:282,0
DA:283,0
DA:284,0
DA:285,0
DA:286,0
DA:287,0
DA:288,0
DA:289,0
DA:290,0
DA:291,0
DA:292,0
DA:293,0
DA:294,0
DA:296,0
DA:297,0
DA:298,0
DA:299,0
DA:300,0
DA:301,0
DA:302,0
DA:303,0
DA:304,0
DA:305,0
DA:306,0
DA:307,0
DA:308,0
DA:309,0
DA:310,0
DA:312,0
DA:313,0
DA:314,0
DA:315,0
DA:316,0
DA:317,0
DA:318,0
DA:319,0
DA:321,0
DA:322,0
DA:323,0
DA:324,0
DA:325,0
DA:326,0
DA:327,0
DA:328,0
DA:329,0
DA:330,0
DA:332,0
DA:333,0
DA:334,0
DA:335,0
DA:336,0
DA:337,0
DA:338,0
DA:339,0
DA:340,0
DA:341,0
DA:342,0
DA:343,0
DA:344,0
DA:345,0
DA:346,0
DA:347,0
DA:348,0
DA:352,0
DA:353,0
DA:361,0
DA:364,0
DA:365,0
DA:366,0
DA:367,0
DA:368,0
DA:369,0
DA:370,0
DA:371,0
DA:372,0
DA:375,0
DA:379,0
DA:384,0
DA:389,0
DA:392,0
DA:396,0
DA:397,0
DA:400,0
DA:401,0
DA:402,0
DA:408,0
DA:410,0
DA:411,0
DA:412,0
DA:416,0
DA:417,0
DA:421,0
DA:423,0
DA:424,0
DA:428,0
DA:432,0
DA:435,0
DA:438,0
DA:442,0
DA:443,0
DA:447,0
DA:451,0
DA:452,0
DA:453,0
DA:456,0
DA:458,0
DA:460,0
DA:470,0
DA:472,0
DA:473,0
DA:474,0
DA:478,0
DA:484,0
DA:485,0
DA:486,0
DA:487,0
DA:488,0
DA:490,0
DA:498,0
DA:500,0
DA:501,0
DA:502,0
DA:506,0
DA:509,0
DA:512,0
DA:513,0
DA:517,0
DA:519,0
DA:520,0
DA:521,0
DA:523,0
DA:525,0
DA:527,0
DA:533,0
DA:535,0
DA:540,0
DA:541,0
DA:542,0
DA:549,0
DA:551,0
DA:554,0
DA:555,0
DA:557,0
DA:561,0
DA:562,0
DA:563,0
DA:569,0
DA:578,0
DA:580,0
DA:581,0
DA:582,0
DA:585,0
DA:586,0
DA:588,0
DA:589,0
DA:592,0
DA:594,0
LF:325
LH:0
end_of_record
SF:lib/core/widgets/custom_button.dart
DA:43,1
DA:54,1
DA:56,1
DA:57,2
DA:60,1
DA:63,1
DA:64,0
DA:67,0
DA:69,0
DA:70,0
DA:72,0
DA:77,1
DA:80,1
DA:81,2
DA:82,2
DA:83,1
DA:85,2
DA:90,1
DA:91,1
DA:94,1
DA:95,1
DA:96,1
DA:97,1
DA:104,1
DA:105,1
DA:107,1
DA:108,1
DA:109,1
DA:111,2
DA:112,0
DA:114,2
DA:115,0
DA:120,1
DA:121,1
DA:126,1
DA:127,1
DA:129,2
DA:130,0
DA:131,1
DA:133,2
DA:134,0
DA:141,1
DA:142,1
DA:146,0
DA:147,0
DA:149,0
DA:150,0
DA:159,1
DA:165,1
DA:166,1
DA:167,1
DA:168,1
DA:173,1
DA:174,1
DA:175,1
DA:180,0
DA:181,0
DA:182,0
LF:58
LH:42
end_of_record
SF:lib/core/widgets/loading_indicator.dart
DA:16,12
DA:22,1
DA:24,1
DA:25,1
DA:28,1
DA:29,1
DA:30,1
DA:31,1
DA:32,1
DA:36,1
DA:37,0
DA:38,0
DA:39,0
DA:40,0
DA:58,0
DA:63,0
DA:65,0
DA:66,0
DA:67,0
DA:68,0
LF:20
LH:10
end_of_record
SF:lib/core/widgets/error_widget.dart
DA:20,0
DA:27,0
DA:29,0
DA:30,0
DA:31,0
DA:33,0
DA:35,0
DA:36,0
DA:37,0
DA:39,0
DA:42,0
DA:43,0
DA:44,0
DA:46,0
DA:48,0
DA:49,0
DA:50,0
DA:51,0
DA:54,0
DA:55,0
DA:56,0
DA:58,0
DA:84,0
DA:91,0
DA:93,0
DA:94,0
DA:95,0
DA:96,0
DA:97,0
DA:98,0
DA:99,0
LF:31
LH:0
end_of_record
SF:lib/core/pages/home_page.dart
DA:32,2
DA:34,1
DA:36,1
DA:37,2
DA:38,2
DA:39,2
DA:41,1
DA:42,1
DA:44,1
DA:45,1
DA:47,0
DA:48,0
DA:54,1
DA:56,1
DA:58,1
DA:70,1
DA:72,3
DA:77,1
DA:78,1
DA:79,1
DA:80,1
DA:81,1
DA:83,1
DA:85,3
DA:86,3
DA:94,0
DA:95,0
DA:96,0
DA:98,0
DA:100,0
DA:103,1
DA:109,0
DA:110,0
DA:112,0
DA:113,0
DA:114,0
DA:115,0
DA:125,1
DA:127,3
DA:132,1
DA:133,1
DA:135,1
DA:137,1
DA:138,1
DA:139,2
DA:140,1
DA:146,0
DA:148,0
DA:149,0
DA:154,1
DA:155,2
DA:156,1
DA:157,0
DA:167,1
DA:169,3
DA:184,0
DA:188,0
DA:189,0
DA:190,0
DA:191,0
DA:192,0
DA:196,0
DA:197,0
DA:198,0
DA:199,0
DA:200,0
DA:204,0
DA:205,0
DA:206,0
DA:207,0
DA:211,0
DA:212,0
DA:213,0
DA:214,0
DA:218,0
DA:220,0
DA:222,0
DA:223,0
DA:225,0
DA:226,0
DA:228,0
DA:229,0
DA:231,0
DA:233,0
LF:84
LH:38
end_of_record
SF:lib/core/widgets/safety_alert_widget.dart
DA:18,6
DA:20,1
DA:22,2
DA:23,2
DA:25,1
DA:26,1
DA:29,1
DA:30,1
DA:32,1
DA:38,0
DA:40,1
DA:41,0
DA:45,0
DA:50,0
DA:57,0
DA:58,0
DA:59,0
DA:60,0
DA:63,0
DA:64,0
DA:65,0
DA:68,0
DA:69,0
DA:70,0
DA:75,0
DA:77,0
DA:79,0
DA:80,0
DA:81,0
DA:85,0
DA:87,0
DA:89,0
DA:91,0
DA:93,0
DA:94,0
DA:100,0
DA:101,0
DA:102,0
DA:103,0
DA:114,0
DA:115,0
DA:116,0
DA:123,0
DA:124,0
DA:126,0
DA:127,0
DA:129,0
DA:130,0
DA:132,0
DA:134,0
LF:50
LH:10
end_of_record
SF:lib/core/widgets/welcome_card_widget.dart
DA:11,2
DA:13,1
DA:15,1
DA:17,1
DA:18,1
DA:20,1
DA:22,1
DA:23,1
DA:24,1
DA:25,3
DA:30,1
DA:32,2
DA:41,1
DA:42,2
DA:43,1
DA:45,0
LF:16
LH:15
end_of_record
SF:lib/core/widgets/what_next_card_widget.dart
DA:17,0
DA:23,0
DA:25,0
DA:27,0
DA:30,0
DA:31,0
DA:32,0
DA:33,0
DA:35,0
DA:36,0
DA:38,0
DA:41,0
DA:42,0
DA:45,0
DA:46,0
DA:47,0
DA:53,0
DA:54,0
DA:56,0
DA:57,0
DA:58,0
DA:59,0
DA:64,0
DA:65,0
DA:66,0
DA:67,0
DA:74,0
DA:75,0
DA:76,0
DA:77,0
DA:78,0
DA:80,0
DA:92,0
DA:93,0
DA:94,0
DA:96,0
DA:98,0
DA:100,0
DA:102,0
DA:104,0
DA:106,0
DA:108,0
DA:110,0
DA:112,0
DA:118,0
DA:119,0
DA:121,0
DA:124,0
LF:48
LH:0
end_of_record
SF:lib/core/widgets/progress_bar_widget.dart
DA:13,1
DA:16,3
DA:18,1
DA:20,1
DA:21,3
DA:23,1
DA:25,1
DA:26,1
DA:28,1
DA:29,1
DA:31,3
DA:35,1
DA:36,1
DA:37,3
DA:39,2
DA:45,1
DA:46,1
DA:47,1
DA:48,1
DA:50,2
DA:51,1
DA:52,2
DA:61,1
DA:62,1
DA:65,1
LF:25
LH:25
end_of_record
SF:lib/core/widgets/metric_check_grid_widget.dart
DA:14,1
DA:19,1
DA:21,1
DA:23,1
DA:26,1
DA:27,3
DA:28,3
DA:29,3
DA:30,3
DA:31,3
DA:32,3
DA:37,1
DA:46,1
DA:50,1
DA:54,1
DA:56,3
DA:60,1
DA:62,1
DA:63,1
DA:69,1
DA:71,3
DA:72,1
DA:73,3
DA:74,0
LF:24
LH:23
end_of_record
SF:lib/core/widgets/quick_access_grid_widget.dart
DA:12,2
DA:14,1
DA:16,1
DA:23,1
DA:24,1
DA:28,0
DA:30,1
DA:34,0
DA:36,1
DA:40,0
DA:42,1
DA:46,0
DA:48,1
DA:52,0
DA:54,1
DA:58,0
DA:59,0
DA:60,0
DA:61,0
DA:66,1
DA:70,0
DA:76,1
DA:82,1
DA:83,1
DA:85,1
DA:86,1
DA:87,1
DA:88,1
DA:89,3
DA:91,1
DA:93,1
DA:95,1
DA:96,1
DA:99,2
DA:102,1
DA:104,2
LF:36
LH:26
end_of_record
SF:lib/core/providers/home_screen_providers.dart
DA:18,0
DA:19,0
DA:20,0
DA:24,0
DA:25,0
DA:26,0
DA:30,0
DA:31,0
DA:32,0
DA:41,4
DA:44,2
DA:45,1
DA:47,1
DA:48,2
DA:49,0
DA:50,0
DA:51,0
DA:54,0
DA:55,0
DA:56,0
DA:57,0
DA:58,0
DA:59,0
DA:60,0
DA:62,0
DA:63,0
DA:67,0
DA:68,0
DA:69,0
DA:70,0
DA:71,0
DA:75,0
DA:76,0
DA:77,0
DA:78,0
DA:80,0
DA:82,0
DA:83,0
DA:84,0
DA:89,0
DA:90,0
DA:99,0
DA:106,4
DA:109,2
DA:110,1
DA:112,1
DA:113,1
DA:114,0
DA:115,0
DA:116,0
DA:119,0
DA:120,0
DA:121,0
DA:122,0
DA:123,0
DA:124,0
DA:125,0
DA:127,0
DA:128,0
DA:132,0
DA:133,0
DA:136,0
DA:137,0
DA:138,0
DA:139,0
DA:140,0
DA:141,0
DA:146,0
DA:147,0
DA:149,0
DA:152,0
DA:153,0
DA:157,0
DA:158,0
DA:159,0
DA:163,0
DA:164,0
DA:169,0
DA:170,0
DA:183,4
DA:186,2
DA:187,1
DA:189,1
DA:190,2
DA:198,0
DA:199,0
DA:200,0
DA:203,0
DA:204,0
DA:205,0
DA:206,0
DA:207,0
DA:208,0
DA:209,0
DA:211,0
DA:212,0
DA:216,0
DA:217,0
DA:220,0
DA:221,0
DA:222,0
DA:223,0
DA:224,0
DA:225,0
DA:230,0
DA:231,0
DA:232,0
DA:234,0
DA:235,0
DA:239,0
DA:240,0
DA:241,0
DA:245,0
DA:246,0
DA:251,0
DA:252,0
DA:260,0
DA:277,0
DA:281,0
DA:282,0
DA:284,0
DA:288,0
DA:289,0
DA:291,0
DA:295,0
DA:296,0
DA:299,0
DA:302,0
LF:128
LH:15
end_of_record
SF:lib/features/health_tracking/presentation/pages/weight_entry_page.dart
DA:22,4
DA:24,0
DA:25,0
DA:36,0
DA:38,0
DA:39,0
DA:40,0
DA:43,0
DA:44,0
DA:45,0
DA:46,0
DA:47,0
DA:48,0
DA:51,0
DA:52,0
DA:53,0
DA:54,0
DA:59,0
DA:60,0
DA:61,0
DA:62,0
DA:63,0
DA:68,0
DA:70,0
DA:71,0
DA:76,0
DA:77,0
DA:78,0
DA:79,0
DA:84,0
DA:91,0
DA:92,0
DA:93,0
DA:94,0
DA:97,0
DA:106,0
DA:107,0
DA:108,0
DA:109,0
DA:110,0
DA:111,0
DA:115,0
DA:116,0
DA:118,0
DA:130,0
DA:131,0
DA:133,0
DA:136,0
DA:138,0
DA:139,0
DA:142,0
DA:144,0
DA:145,0
DA:146,0
DA:147,0
DA:148,0
DA:151,0
DA:152,0
DA:153,0
DA:154,0
DA:155,0
DA:158,0
DA:159,0
DA:160,0
DA:165,0
DA:167,0
DA:168,0
DA:169,0
DA:170,0
DA:172,0
DA:173,0
DA:176,0
DA:178,0
DA:180,0
DA:182,0
DA:183,0
DA:185,0
DA:186,0
DA:196,0
DA:197,0
DA:198,0
DA:205,0
DA:209,0
DA:214,0
DA:215,0
DA:217,0
DA:218,0
DA:219,0
DA:220,0
DA:223,0
DA:224,0
DA:225,0
DA:226,0
DA:231,0
DA:232,0
DA:233,0
DA:234,0
DA:240,0
DA:241,0
DA:243,0
DA:244,0
DA:255,0
DA:256,0
DA:258,0
DA:260,0
DA:269,0
DA:270,0
DA:271,0
DA:272,0
DA:274,0
DA:276,0
DA:277,0
DA:278,0
DA:279,0
DA:281,0
DA:284,0
DA:286,0
DA:291,0
DA:292,0
DA:293,0
DA:298,0
DA:299,0
DA:301,0
DA:302,0
DA:314,0
DA:315,0
DA:317,0
DA:319,0
DA:328,0
DA:329,0
DA:331,0
DA:332,0
DA:333,0
DA:334,0
DA:336,0
DA:337,0
DA:339,0
DA:340,0
DA:345,0
DA:346,0
DA:347,0
DA:348,0
DA:349,0
DA:352,0
DA:355,0
DA:356,0
DA:368,0
DA:369,0
DA:371,0
DA:372,0
DA:373,0
DA:374,0
DA:381,0
DA:382,0
DA:384,0
DA:385,0
DA:386,0
DA:387,0
DA:394,0
DA:396,0
DA:397,0
LF:161
LH:1
end_of_record
SF:lib/features/health_tracking/presentation/pages/sleep_energy_page.dart
DA:15,4
DA:17,0
DA:18,0
DA:31,0
DA:33,0
DA:34,0
DA:35,0
DA:39,0
DA:41,0
DA:42,0
DA:45,0
DA:47,0
DA:48,0
DA:49,0
DA:54,0
DA:55,0
DA:56,0
DA:57,0
DA:61,0
DA:62,0
DA:63,0
DA:64,0
DA:68,0
DA:69,0
DA:70,0
DA:71,0
DA:72,0
DA:77,0
DA:84,0
DA:85,0
DA:86,0
DA:87,0
DA:90,0
DA:99,0
DA:100,0
DA:101,0
DA:102,0
DA:103,0
DA:104,0
DA:108,0
DA:109,0
DA:110,0
DA:122,0
DA:123,0
DA:127,0
DA:129,0
DA:132,0
DA:133,0
DA:135,0
DA:136,0
DA:137,0
DA:138,0
DA:141,0
DA:143,0
DA:144,0
DA:145,0
DA:146,0
DA:147,0
DA:150,0
DA:151,0
DA:152,0
DA:153,0
DA:155,0
DA:156,0
DA:157,0
DA:158,0
DA:160,0
DA:162,0
DA:163,0
DA:164,0
DA:171,0
DA:173,0
DA:175,0
DA:176,0
DA:179,0
DA:181,0
DA:183,0
DA:185,0
DA:187,0
DA:188,0
DA:190,0
DA:192,0
DA:193,0
DA:195,0
DA:198,0
DA:199,0
DA:200,0
DA:202,0
DA:206,0
DA:207,0
DA:211,0
DA:212,0
DA:213,0
DA:214,0
DA:215,0
DA:216,0
DA:220,0
DA:222,0
DA:223,0
DA:225,0
DA:227,0
DA:229,0
DA:234,0
DA:236,0
DA:237,0
DA:238,0
DA:240,0
DA:241,0
DA:242,0
DA:243,0
DA:256,0
DA:257,0
DA:259,0
DA:261,0
DA:262,0
DA:264,0
DA:268,0
DA:269,0
DA:270,0
DA:271,0
DA:272,0
DA:273,0
DA:274,0
DA:276,0
DA:278,0
DA:279,0
DA:284,0
DA:285,0
DA:289,0
DA:290,0
DA:291,0
DA:292,0
DA:293,0
DA:294,0
DA:296,0
DA:298,0
DA:299,0
DA:300,0
DA:302,0
DA:303,0
DA:304,0
DA:308,0
DA:310,0
DA:311,0
DA:313,0
DA:315,0
DA:317,0
DA:329,0
DA:330,0
DA:332,0
DA:334,0
DA:335,0
DA:337,0
DA:340,0
DA:341,0
DA:342,0
DA:344,0
DA:348,0
DA:349,0
DA:353,0
DA:354,0
DA:355,0
DA:356,0
DA:357,0
DA:358,0
DA:362,0
DA:364,0
DA:365,0
DA:367,0
DA:369,0
DA:371,0
DA:376,0
DA:378,0
DA:379,0
DA:380,0
DA:382,0
DA:383,0
DA:384,0
DA:385,0
DA:398,0
DA:399,0
DA:401,0
DA:403,0
DA:404,0
DA:406,0
DA:409,0
DA:410,0
DA:412,0
DA:414,0
DA:415,0
DA:427,0
DA:428,0
DA:430,0
DA:431,0
DA:432,0
DA:438,0
DA:439,0
DA:441,0
DA:442,0
DA:443,0
DA:449,0
DA:451,0
DA:452,0
LF:203
LH:1
end_of_record
SF:lib/features/health_tracking/presentation/pages/heart_rate_entry_page.dart
DA:15,4
DA:17,0
DA:18,0
DA:29,0
DA:31,0
DA:32,0
DA:33,0
DA:37,0
DA:39,0
DA:40,0
DA:41,0
DA:44,0
DA:46,0
DA:47,0
DA:48,0
DA:53,0
DA:55,0
DA:57,0
DA:58,0
DA:59,0
DA:61,0
DA:65,0
DA:66,0
DA:68,0
DA:70,0
DA:76,0
DA:77,0
DA:78,0
DA:79,0
DA:80,0
DA:85,0
DA:92,0
DA:93,0
DA:94,0
DA:95,0
DA:98,0
DA:107,0
DA:108,0
DA:109,0
DA:110,0
DA:111,0
DA:112,0
DA:116,0
DA:117,0
DA:118,0
DA:132,0
DA:133,0
DA:134,0
DA:137,0
DA:138,0
DA:139,0
DA:144,0
DA:145,0
DA:146,0
DA:151,0
DA:152,0
DA:155,0
DA:158,0
DA:160,0
DA:161,0
DA:162,0
DA:165,0
DA:167,0
DA:168,0
DA:169,0
DA:170,0
DA:171,0
DA:174,0
DA:175,0
DA:176,0
DA:177,0
DA:179,0
DA:180,0
DA:182,0
DA:184,0
DA:185,0
DA:186,0
DA:193,0
DA:195,0
DA:197,0
DA:198,0
DA:201,0
DA:203,0
DA:205,0
DA:207,0
DA:209,0
DA:210,0
DA:212,0
DA:214,0
DA:215,0
DA:217,0
DA:222,0
DA:223,0
DA:225,0
DA:228,0
DA:229,0
DA:234,0
DA:239,0
DA:241,0
DA:242,0
DA:253,0
DA:254,0
DA:255,0
DA:256,0
DA:257,0
DA:258,0
DA:259,0
DA:261,0
DA:262,0
DA:264,0
DA:266,0
DA:267,0
DA:269,0
DA:274,0
DA:275,0
DA:276,0
DA:279,0
DA:281,0
DA:282,0
DA:285,0
DA:287,0
DA:288,0
DA:289,0
DA:290,0
DA:291,0
DA:292,0
DA:309,0
DA:310,0
DA:312,0
DA:314,0
DA:315,0
DA:317,0
DA:322,0
DA:323,0
DA:325,0
DA:327,0
DA:328,0
DA:340,0
DA:341,0
DA:343,0
DA:344,0
DA:345,0
DA:347,0
DA:348,0
DA:349,0
DA:350,0
DA:355,0
DA:356,0
DA:358,0
DA:359,0
DA:360,0
DA:362,0
DA:363,0
DA:364,0
DA:365,0
DA:370,0
DA:373,0
DA:374,0
DA:375,0
LF:159
LH:1
end_of_record
SF:lib/features/health_tracking/presentation/pages/blood_pressure_entry_page.dart
DA:15,4
DA:17,0
DA:18,0
DA:30,0
DA:32,0
DA:33,0
DA:34,0
DA:38,0
DA:40,0
DA:41,0
DA:42,0
DA:43,0
DA:46,0
DA:48,0
DA:49,0
DA:50,0
DA:55,0
DA:56,0
DA:58,0
DA:60,0
DA:67,0
DA:68,0
DA:70,0
DA:72,0
DA:73,0
DA:79,0
DA:80,0
DA:81,0
DA:82,0
DA:83,0
DA:88,0
DA:95,0
DA:96,0
DA:97,0
DA:98,0
DA:101,0
DA:110,0
DA:111,0
DA:112,0
DA:113,0
DA:114,0
DA:115,0
DA:119,0
DA:120,0
DA:121,0
DA:137,0
DA:138,0
DA:139,0
DA:140,0
DA:145,0
DA:146,0
DA:147,0
DA:148,0
DA:153,0
DA:154,0
DA:156,0
DA:157,0
DA:158,0
DA:159,0
DA:164,0
DA:165,0
DA:166,0
DA:167,0
DA:172,0
DA:173,0
DA:174,0
DA:175,0
DA:183,0
DA:184,0
DA:187,0
DA:190,0
DA:193,0
DA:194,0
DA:195,0
DA:198,0
DA:200,0
DA:201,0
DA:202,0
DA:203,0
DA:204,0
DA:207,0
DA:208,0
DA:209,0
DA:210,0
DA:212,0
DA:213,0
DA:214,0
DA:216,0
DA:218,0
DA:219,0
DA:220,0
DA:227,0
DA:229,0
DA:230,0
DA:231,0
DA:234,0
DA:236,0
DA:239,0
DA:242,0
DA:243,0
DA:246,0
DA:248,0
DA:250,0
DA:252,0
DA:254,0
DA:255,0
DA:257,0
DA:259,0
DA:260,0
DA:262,0
DA:267,0
DA:268,0
DA:270,0
DA:273,0
DA:274,0
DA:279,0
DA:282,0
DA:292,0
DA:293,0
DA:295,0
DA:297,0
DA:298,0
DA:300,0
DA:305,0
DA:306,0
DA:308,0
DA:311,0
DA:312,0
DA:317,0
DA:320,0
DA:331,0
DA:332,0
DA:333,0
DA:335,0
DA:337,0
DA:338,0
DA:340,0
DA:345,0
DA:346,0
DA:347,0
DA:352,0
DA:353,0
DA:354,0
DA:362,0
DA:364,0
DA:365,0
DA:373,0
DA:376,0
DA:377,0
DA:379,0
DA:381,0
DA:382,0
DA:384,0
DA:389,0
DA:390,0
DA:392,0
DA:394,0
DA:395,0
DA:404,0
DA:407,0
DA:408,0
DA:410,0
DA:411,0
DA:412,0
DA:414,0
DA:415,0
DA:416,0
DA:417,0
DA:422,0
DA:423,0
DA:425,0
DA:426,0
DA:427,0
DA:429,0
DA:430,0
DA:431,0
DA:432,0
DA:437,0
DA:440,0
DA:441,0
DA:442,0
LF:181
LH:1
end_of_record
SF:lib/features/behavioral_support/presentation/pages/habit_tracking_page.dart
DA:13,6
DA:15,0
DA:17,0
DA:18,0
DA:20,0
DA:21,0
DA:24,0
DA:25,0
DA:26,0
DA:27,0
DA:28,0
DA:30,0
DA:31,0
DA:34,0
DA:37,0
DA:39,0
DA:40,0
DA:44,0
DA:46,0
DA:47,0
DA:55,0
DA:57,0
DA:59,0
DA:60,0
DA:62,0
DA:67,0
DA:69,0
DA:75,0
DA:76,0
DA:77,0
DA:80,0
DA:81,0
DA:87,0
DA:88,0
DA:90,0
DA:94,0
DA:95,0
DA:96,0
DA:98,0
DA:99,0
DA:100,0
DA:101,0
DA:102,0
DA:105,0
DA:106,0
DA:107,0
LF:46
LH:1
end_of_record
SF:lib/features/health_tracking/data/models/progress_photo_model.dart
DA:38,0
DA:41,0
DA:42,0
DA:43,0
DA:44,0
DA:45,0
DA:46,0
DA:47,0
DA:49,0
DA:50,0
DA:51,0
DA:56,0
DA:57,0
DA:58,0
DA:59,0
DA:60,0
DA:61,0
DA:62,0
DA:63,0
LF:19
LH:0
end_of_record
SF:lib/features/health_tracking/data/models/progress_photo_model.g.dart
DA:13,0
DA:15,0
DA:16,0
DA:17,0
DA:19,0
DA:20,0
DA:21,0
DA:22,0
DA:23,0
DA:24,0
DA:25,0
DA:28,0
DA:31,0
DA:32,0
DA:33,0
DA:34,0
DA:35,0
DA:36,0
DA:37,0
DA:38,0
DA:39,0
DA:40,0
DA:41,0
DA:42,0
DA:43,0
DA:46,0
DA:47,0
DA:49,0
DA:52,0
DA:53,0
DA:54,0
LF:31
LH:0
end_of_record
SF:lib/features/nutrition_management/data/models/sale_item_model.g.dart
DA:13,0
DA:15,0
DA:16,0
DA:17,0
DA:19,0
DA:20,0
DA:21,0
DA:22,0
DA:23,0
DA:24,0
DA:25,0
DA:26,0
DA:27,0
DA:28,0
DA:29,0
DA:30,0
DA:31,0
DA:32,0
DA:33,0
DA:34,0
DA:37,0
DA:40,0
DA:41,0
DA:42,0
DA:43,0
DA:44,0
DA:45,0
DA:46,0
DA:47,0
DA:48,0
DA:49,0
DA:50,0
DA:51,0
DA:52,0
DA:53,0
DA:54,0
DA:55,0
DA:56,0
DA:57,0
DA:58,0
DA:59,0
DA:60,0
DA:61,0
DA:62,0
DA:63,0
DA:64,0
DA:65,0
DA:66,0
DA:67,0
DA:68,0
DA:69,0
DA:70,0
DA:73,0
DA:74,0
DA:76,0
DA:79,0
DA:80,0
DA:81,0
LF:58
LH:0
end_of_record
SF:lib/features/nutrition_management/data/models/sale_item_model.dart
DA:73,0
DA:76,0
DA:77,0
DA:78,0
DA:79,0
DA:80,0
DA:81,0
DA:82,0
DA:83,0
DA:84,0
DA:85,0
DA:86,0
DA:87,0
DA:88,0
DA:89,0
DA:90,0
DA:91,0
DA:92,0
DA:97,0
DA:98,0
DA:99,0
DA:100,0
DA:101,0
DA:102,0
DA:103,0
DA:104,0
DA:105,0
DA:106,0
DA:107,0
DA:108,0
DA:109,0
DA:110,0
DA:111,0
DA:112,0
DA:113,0
LF:35
LH:0
end_of_record
SF:lib/core/usecases/get_recommended_actions.dart
DA:18,0
DA:24,0
DA:27,0
DA:32,0
DA:35,0
DA:36,0
DA:39,0
DA:40,0
DA:43,0
DA:46,0
DA:50,0
DA:55,0
DA:57,0
DA:58,0
DA:61,0
DA:63,0
DA:64,0
DA:65,0
DA:71,0
DA:72,0
DA:77,0
DA:78,0
DA:81,0
DA:82,0
DA:86,0
DA:87,0
DA:88,0
DA:91,0
DA:93,0
DA:94,0
DA:105,0
DA:109,0
DA:110,0
DA:113,0
DA:115,0
DA:117,0
DA:118,0
DA:128,0
DA:130,0
DA:131,0
DA:142,0
DA:149,0
DA:151,0
DA:153,0
DA:154,0
DA:168,0
DA:171,0
DA:174,0
DA:177,0
DA:178,0
DA:181,0
DA:182,0
DA:196,0
DA:197,0
DA:199,0
DA:201,0
LF:56
LH:0
end_of_record
SF:lib/core/usecases/calculate_daily_progress.dart
DA:11,0
DA:20,0
DA:21,0
DA:24,0
DA:25,0
DA:28,0
DA:29,0
DA:32,0
DA:33,0
DA:36,0
DA:39,0
DA:42,0
DA:79,1
DA:92,0
DA:97,0
DA:98,0
DA:101,0
DA:104,0
DA:107,0
DA:110,0
DA:112,0
DA:115,0
DA:117,0
LF:23
LH:1
end_of_record
SF:lib/core/providers/safety_alerts_provider.dart
DA:16,4
DA:17,3
DA:19,1
DA:22,1
DA:24,0
DA:28,1
DA:30,0
DA:34,1
DA:36,0
DA:41,1
DA:42,1
DA:43,0
DA:48,0
DA:56,1
DA:57,1
DA:60,0
DA:61,0
DA:64,0
DA:67,0
DA:68,0
DA:70,0
DA:71,0
DA:72,0
DA:73,0
DA:76,0
DA:77,0
DA:78,0
DA:80,0
DA:84,0
DA:88,0
DA:89,0
DA:90,0
DA:96,4
LF:33
LH:11
end_of_record
SF:lib/core/utils/calorie_calculation_utils.dart
DA:9,0
DA:14,0
DA:16,0
DA:22,0
DA:24,0
DA:25,0
DA:26,0
DA:38,0
DA:39,0
DA:40,0
DA:51,0
DA:57,0
DA:60,0
DA:61,0
DA:62,0
DA:63,0
DA:64,0
DA:65,0
DA:66,0
DA:68,0
DA:69,0
DA:71,0
DA:81,0
DA:88,0
DA:95,0
DA:99,0
DA:100,0
DA:102,0
DA:107,0
DA:108,0
DA:133,0
DA:143,0
DA:144,0
DA:148,0
DA:149,0
DA:153,0
DA:154,0
DA:155,0
DA:156,0
DA:157,0
DA:158,0
DA:159,0
DA:160,0
DA:161,0
LF:44
LH:0
end_of_record
SF:lib/features/behavioral_support/presentation/pages/add_habit_dialog.dart
DA:13,2
DA:15,0
DA:16,0
DA:26,0
DA:28,0
DA:29,0
DA:30,0
DA:33,0
DA:37,0
DA:39,0
DA:40,0
DA:41,0
DA:42,0
DA:45,0
DA:46,0
DA:47,0
DA:52,0
DA:53,0
DA:60,0
DA:61,0
DA:69,0
DA:70,0
DA:74,0
DA:75,0
DA:77,0
DA:79,0
DA:80,0
DA:82,0
DA:83,0
DA:92,0
DA:93,0
DA:94,0
DA:97,0
DA:98,0
DA:99,0
DA:100,0
DA:106,0
DA:107,0
DA:111,0
DA:112,0
DA:116,0
DA:117,0
DA:119,0
DA:120,0
DA:121,0
DA:125,0
DA:126,0
DA:133,0
DA:134,0
DA:135,0
DA:137,0
DA:140,0
DA:141,0
DA:142,0
DA:144,0
DA:145,0
DA:153,0
DA:155,0
DA:156,0
DA:157,0
DA:158,0
DA:159,0
DA:163,0
DA:164,0
DA:165,0
DA:166,0
DA:167,0
DA:174,0
DA:175,0
DA:176,0
LF:70
LH:1
end_of_record
SF:lib/features/behavioral_support/presentation/widgets/habit_card_widget.dart
DA:17,0
DA:24,0
DA:26,0
DA:27,0
DA:29,0
DA:31,0
DA:32,0
DA:33,0
DA:34,0
DA:36,0
DA:38,0
DA:39,0
DA:40,0
DA:41,0
DA:42,0
DA:44,0
DA:45,0
DA:46,0
DA:47,0
DA:51,0
DA:53,0
DA:54,0
DA:55,0
DA:56,0
DA:60,0
DA:61,0
DA:62,0
DA:63,0
DA:65,0
DA:69,0
DA:71,0
DA:79,0
DA:81,0
DA:82,0
DA:94,0
DA:95,0
DA:100,0
DA:101,0
DA:102,0
DA:104,0
DA:106,0
LF:41
LH:0
end_of_record
SF:lib/features/exercise_management/presentation/pages/workout_plan_page.dart
DA:16,2
DA:18,0
DA:19,0
DA:49,0
DA:51,0
DA:52,0
DA:53,0
DA:54,0
DA:57,0
DA:58,0
DA:59,0
DA:60,0
DA:61,0
DA:62,0
DA:63,0
DA:65,0
DA:66,0
DA:67,0
DA:68,0
DA:70,0
DA:71,0
DA:75,0
DA:76,0
DA:77,0
DA:78,0
DA:81,0
DA:82,0
DA:83,0
DA:84,0
DA:85,0
DA:90,0
DA:91,0
DA:92,0
DA:93,0
DA:94,0
DA:98,0
DA:99,0
DA:100,0
DA:101,0
DA:102,0
DA:107,0
DA:108,0
DA:109,0
DA:110,0
DA:115,0
DA:116,0
DA:117,0
DA:118,0
DA:119,0
DA:124,0
DA:125,0
DA:126,0
DA:127,0
DA:132,0
DA:133,0
DA:137,0
DA:138,0
DA:139,0
DA:147,0
DA:153,0
DA:154,0
DA:159,0
DA:160,0
DA:161,0
DA:162,0
DA:166,0
DA:167,0
DA:169,0
DA:170,0
DA:171,0
DA:173,0
DA:176,0
DA:177,0
DA:179,0
DA:181,0
DA:182,0
DA:184,0
DA:189,0
DA:190,0
DA:191,0
DA:192,0
DA:193,0
DA:196,0
DA:197,0
DA:198,0
DA:199,0
DA:200,0
DA:207,0
DA:209,0
DA:211,0
DA:212,0
DA:215,0
DA:217,0
DA:218,0
DA:219,0
DA:221,0
DA:223,0
DA:224,0
DA:226,0
DA:228,0
DA:237,0
DA:238,0
DA:243,0
DA:244,0
DA:249,0
DA:250,0
DA:251,0
DA:252,0
DA:264,0
DA:265,0
DA:267,0
DA:269,0
DA:278,0
DA:279,0
DA:285,0
DA:286,0
DA:287,0
DA:288,0
DA:300,0
DA:301,0
DA:303,0
DA:305,0
DA:314,0
DA:315,0
DA:321,0
DA:322,0
DA:324,0
DA:325,0
DA:328,0
DA:329,0
DA:334,0
DA:335,0
DA:336,0
DA:337,0
DA:349,0
DA:350,0
DA:352,0
DA:354,0
DA:363,0
DA:366,0
DA:367,0
DA:368,0
DA:369,0
DA:371,0
DA:373,0
DA:383,0
DA:384,0
DA:385,0
DA:387,0
DA:389,0
DA:398,0
DA:399,0
DA:401,0
DA:402,0
DA:403,0
DA:404,0
DA:405,0
DA:406,0
DA:407,0
DA:418,0
DA:419,0
DA:420,0
DA:421,0
DA:423,0
DA:425,0
DA:426,0
DA:428,0
DA:433,0
DA:434,0
DA:435,0
DA:436,0
DA:437,0
DA:438,0
DA:439,0
DA:448,0
DA:449,0
DA:451,0
DA:452,0
DA:453,0
DA:454,0
DA:461,0
DA:462,0
DA:464,0
DA:465,0
DA:466,0
DA:467,0
DA:474,0
DA:476,0
DA:477,0
DA:480,0
DA:500,0
DA:511,0
DA:513,0
DA:514,0
DA:516,0
DA:518,0
DA:520,0
DA:521,0
DA:523,0
DA:524,0
DA:525,0
DA:526,0
DA:530,0
DA:532,0
DA:533,0
DA:535,0
DA:538,0
DA:540,0
DA:543,0
DA:545,0
DA:552,0
DA:554,0
DA:555,0
DA:559,0
DA:561,0
DA:562,0
DA:566,0
DA:567,0
DA:569,0
DA:571,0
DA:572,0
DA:577,0
DA:578,0
DA:579,0
DA:580,0
DA:582,0
DA:583,0
DA:585,0
DA:599,0
DA:600,0
DA:606,0
DA:608,0
DA:609,0
DA:612,0
DA:614,0
DA:616,0
DA:617,0
DA:625,0
DA:626,0
DA:627,0
DA:630,0
DA:631,0
DA:632,0
DA:633,0
DA:647,0
DA:649,0
DA:651,0
DA:653,0
DA:655,0
DA:656,0
DA:658,0
DA:660,0
DA:661,0
DA:664,0
DA:665,0
DA:666,0
DA:667,0
DA:669,0
DA:670,0
DA:676,0
DA:677,0
DA:678,0
DA:701,0
DA:703,0
DA:704,0
DA:710,0
DA:712,0
DA:713,0
DA:714,0
DA:718,0
DA:720,0
DA:721,0
DA:724,0
DA:726,0
DA:728,0
DA:729,0
DA:736,0
DA:738,0
DA:739,0
DA:740,0
DA:743,0
DA:744,0
DA:745,0
DA:746,0
LF:284
LH:1
end_of_record
SF:lib/features/exercise_management/presentation/pages/workout_logging_page.dart
DA:28,0
DA:41,0
DA:53,0
DA:54,0
DA:55,0
DA:56,0
DA:57,0
DA:58,0
DA:59,0
DA:60,0
DA:61,0
DA:62,0
DA:63,0
DA:70,2
DA:72,0
DA:73,0
DA:83,0
DA:84,0
DA:85,0
DA:86,0
DA:87,0
DA:88,0
DA:91,0
DA:92,0
DA:93,0
DA:94,0
DA:99,0
DA:100,0
DA:101,0
DA:102,0
DA:106,0
DA:107,0
DA:108,0
DA:109,0
DA:114,0
DA:115,0
DA:116,0
DA:117,0
DA:118,0
DA:122,0
DA:123,0
DA:124,0
DA:125,0
DA:130,0
DA:131,0
DA:132,0
DA:133,0
DA:134,0
DA:138,0
DA:139,0
DA:140,0
DA:141,0
DA:149,0
DA:155,0
DA:156,0
DA:161,0
DA:162,0
DA:163,0
DA:164,0
DA:168,0
DA:172,0
DA:173,0
DA:175,0
DA:176,0
DA:177,0
DA:178,0
DA:179,0
DA:180,0
DA:181,0
DA:182,0
DA:183,0
DA:184,0
DA:185,0
DA:188,0
DA:189,0
DA:190,0
DA:192,0
DA:193,0
DA:198,0
DA:199,0
DA:200,0
DA:201,0
DA:202,0
DA:203,0
DA:204,0
DA:206,0
DA:211,0
DA:212,0
DA:216,0
DA:218,0
DA:220,0
DA:221,0
DA:224,0
DA:226,0
DA:228,0
DA:230,0
DA:231,0
DA:233,0
DA:234,0
DA:243,0
DA:244,0
DA:246,0
DA:247,0
DA:258,0
DA:259,0
DA:261,0
DA:263,0
DA:264,0
DA:266,0
DA:274,0
DA:276,0
DA:282,0
DA:283,0
DA:285,0
DA:287,0
DA:288,0
DA:294,0
DA:297,0
DA:298,0
DA:299,0
DA:300,0
DA:302,0
DA:303,0
DA:304,0
DA:306,0
DA:307,0
DA:308,0
DA:309,0
DA:310,0
DA:311,0
DA:312,0
DA:313,0
DA:314,0
DA:315,0
DA:316,0
DA:317,0
DA:320,0
DA:322,0
DA:323,0
DA:325,0
DA:328,0
DA:330,0
DA:347,0
DA:348,0
DA:350,0
DA:351,0
DA:352,0
DA:353,0
DA:360,0
DA:361,0
DA:363,0
DA:364,0
DA:365,0
DA:366,0
DA:373,0
DA:375,0
DA:376,0
DA:379,0
DA:391,0
DA:393,0
DA:394,0
DA:411,0
DA:413,0
DA:414,0
DA:415,0
DA:416,0
DA:417,0
DA:418,0
DA:419,0
DA:420,0
DA:421,0
DA:422,0
DA:423,0
DA:424,0
DA:425,0
DA:429,0
DA:431,0
DA:432,0
DA:433,0
DA:434,0
DA:435,0
DA:436,0
DA:437,0
DA:438,0
DA:439,0
DA:440,0
DA:443,0
DA:444,0
DA:448,0
DA:449,0
DA:453,0
DA:454,0
DA:455,0
DA:456,0
DA:458,0
DA:459,0
DA:460,0
DA:461,0
DA:463,0
DA:465,0
DA:466,0
DA:467,0
DA:468,0
DA:469,0
DA:470,0
DA:473,0
DA:476,0
DA:479,0
DA:481,0
DA:482,0
DA:483,0
DA:485,0
DA:486,0
DA:487,0
DA:488,0
DA:490,0
DA:492,0
DA:493,0
DA:499,0
DA:500,0
DA:509,0
DA:510,0
DA:515,0
DA:516,0
DA:518,0
DA:520,0
DA:521,0
DA:523,0
DA:524,0
DA:532,0
DA:533,0
DA:534,0
DA:535,0
DA:536,0
DA:537,0
DA:543,0
DA:544,0
DA:545,0
DA:548,0
DA:549,0
DA:557,0
DA:558,0
DA:559,0
DA:565,0
DA:566,0
DA:567,0
DA:570,0
DA:571,0
DA:581,0
DA:582,0
DA:588,0
DA:589,0
DA:595,0
DA:596,0
DA:597,0
DA:598,0
DA:604,0
DA:605,0
DA:606,0
DA:609,0
DA:610,0
DA:620,0
DA:621,0
DA:622,0
DA:628,0
DA:629,0
DA:636,0
DA:637,0
DA:644,0
DA:647,0
DA:648,0
DA:655,0
DA:658,0
DA:659,0
DA:671,0
DA:672,0
DA:673,0
DA:676,0
DA:677,0
LF:279
LH:1
end_of_record
SF:lib/features/exercise_management/presentation/widgets/workout_card_widget.dart
DA:14,0
DA:19,0
DA:21,0
DA:23,0
DA:24,0
DA:26,0
DA:28,0
DA:29,0
DA:31,0
DA:32,0
DA:33,0
DA:34,0
DA:35,0
DA:40,0
DA:41,0
DA:44,0
DA:48,0
DA:50,0
DA:51,0
DA:52,0
DA:53,0
DA:59,0
DA:60,0
DA:61,0
DA:62,0
DA:65,0
DA:68,0
DA:69,0
DA:70,0
DA:73,0
DA:76,0
DA:79,0
DA:80,0
DA:81,0
LF:34
LH:0
end_of_record
SF:lib/features/exercise_management/presentation/widgets/exercise_list_widget.dart
DA:15,0
DA:20,0
DA:22,0
DA:24,0
DA:25,0
DA:26,0
DA:27,0
DA:28,0
DA:29,0
DA:30,0
DA:32,0
DA:33,0
DA:35,0
DA:36,0
DA:37,0
DA:38,0
DA:39,0
DA:40,0
DA:41,0
DA:42,0
DA:43,0
DA:44,0
DA:45,0
DA:46,0
DA:47,0
DA:48,0
DA:54,0
DA:59,0
DA:61,0
DA:63,0
DA:65,0
DA:67,0
DA:72,0
DA:74,0
DA:76,0
DA:78,0
DA:80,0
LF:37
LH:0
end_of_record
SF:lib/features/health_tracking/domain/entities/progress_photo.dart
DA:27,0
DA:37,0
DA:45,0
DA:46,0
DA:47,0
DA:48,0
DA:49,0
DA:50,0
DA:51,0
DA:55,0
DA:58,0
DA:59,0
DA:60,0
DA:61,0
DA:62,0
DA:63,0
DA:64,0
DA:66,0
DA:68,0
DA:69,0
DA:70,0
DA:71,0
DA:72,0
DA:74,0
DA:76,0
LF:25
LH:0
end_of_record
SF:lib/features/health_tracking/domain/entities/photo_type.dart
DA:8,0
DA:10,0
DA:12,0
DA:14,0
LF:4
LH:0
end_of_record
SF:lib/features/health_tracking/presentation/pages/blood_pressure_history_page.dart
DA:9,2
DA:11,0
DA:12,0
DA:14,0
DA:16,0
DA:23,0
DA:24,0
DA:26,0
DA:28,0
DA:29,0
DA:35,0
DA:37,0
DA:38,0
DA:40,0
DA:41,0
DA:44,0
DA:45,0
DA:48,0
DA:49,0
DA:50,0
DA:52,0
DA:53,0
DA:54,0
DA:56,0
DA:57,0
DA:60,0
DA:63,0
DA:65,0
DA:66,0
DA:70,0
DA:72,0
DA:73,0
DA:82,0
DA:84,0
DA:85,0
DA:86,0
DA:87,0
DA:88,0
DA:89,0
DA:90,0
DA:91,0
DA:92,0
DA:93,0
DA:94,0
DA:95,0
DA:96,0
DA:97,0
DA:98,0
DA:99,0
DA:101,0
DA:102,0
DA:104,0
DA:106,0
DA:107,0
DA:108,0
DA:109,0
DA:114,0
DA:115,0
DA:116,0
DA:117,0
DA:118,0
DA:123,0
DA:125,0
DA:126,0
DA:131,0
DA:133,0
DA:134,0
DA:136,0
DA:137,0
DA:140,0
DA:145,0
DA:146,0
DA:147,0
DA:149,0
DA:151,0
DA:157,0
DA:158,0
DA:160,0
DA:161,0
DA:162,0
DA:163,0
DA:169,0
DA:171,0
DA:178,0
DA:179,0
DA:180,0
LF:86
LH:1
end_of_record
SF:lib/features/health_tracking/presentation/pages/body_measurements_history_page.dart
DA:9,2
DA:11,0
DA:12,0
DA:13,0
DA:15,0
DA:17,0
DA:19,0
DA:21,0
DA:28,0
DA:30,0
DA:31,0
DA:33,0
DA:34,0
DA:37,0
DA:38,0
DA:41,0
DA:42,0
DA:43,0
DA:45,0
DA:46,0
DA:47,0
DA:49,0
DA:50,0
DA:53,0
DA:56,0
DA:58,0
DA:59,0
DA:63,0
DA:65,0
DA:66,0
DA:75,0
DA:77,0
DA:78,0
DA:79,0
DA:80,0
DA:81,0
DA:82,0
DA:83,0
DA:84,0
DA:85,0
DA:86,0
DA:87,0
DA:88,0
DA:89,0
DA:90,0
DA:91,0
DA:95,0
DA:96,0
DA:98,0
DA:100,0
DA:102,0
DA:104,0
DA:106,0
DA:107,0
DA:108,0
DA:109,0
DA:110,0
DA:112,0
DA:116,0
DA:117,0
DA:119,0
DA:120,0
DA:122,0
DA:123,0
DA:124,0
DA:129,0
DA:130,0
DA:131,0
DA:132,0
DA:138,0
DA:140,0
DA:146,0
DA:149,0
DA:150,0
DA:151,0
DA:153,0
DA:154,0
DA:155,0
DA:157,0
DA:160,0
DA:161,0
DA:162,0
DA:163,0
DA:164,0
DA:167,0
DA:168,0
DA:169,0
DA:176,0
DA:179,0
DA:181,0
DA:183,0
DA:184,0
DA:185,0
DA:187,0
DA:189,0
DA:190,0
DA:193,0
DA:196,0
DA:197,0
DA:198,0
DA:199,0
DA:200,0
DA:215,0
DA:216,0
DA:217,0
LF:105
LH:1
end_of_record
SF:lib/features/health_tracking/presentation/widgets/dashboard_metric_card_widget.dart
DA:17,1
DA:30,1
DA:32,1
DA:34,1
DA:36,1
DA:38,1
DA:40,1
DA:42,1
DA:43,1
DA:44,1
DA:45,1
DA:46,3
DA:50,1
DA:51,1
DA:52,1
DA:53,3
DA:63,1
DA:64,3
DA:69,1
DA:70,2
DA:71,1
DA:72,0
DA:73,0
DA:74,0
DA:78,0
DA:80,0
DA:81,0
DA:82,0
DA:83,0
DA:87,0
DA:89,0
DA:90,0
DA:91,0
DA:92,0
DA:96,1
DA:97,1
DA:99,3
DA:100,3
DA:105,1
DA:108,1
DA:109,1
DA:110,1
DA:111,1
DA:112,1
DA:114,1
DA:119,2
DA:120,1
DA:121,1
DA:122,1
DA:123,1
DA:125,1
LF:51
LH:38
end_of_record
SF:lib/features/health_tracking/presentation/widgets/weight_chart_widget.dart
DA:17,2
DA:22,1
DA:24,2
DA:25,1
DA:27,1
DA:28,1
DA:29,1
DA:37,0
DA:39,0
DA:40,0
DA:48,0
DA:49,0
DA:50,0
DA:51,0
DA:55,0
DA:56,0
DA:57,0
DA:58,0
DA:59,0
DA:61,0
DA:62,0
DA:64,0
DA:73,0
DA:74,0
DA:75,0
DA:77,0
DA:78,0
DA:79,0
DA:80,0
DA:84,0
DA:85,0
DA:87,0
DA:93,0
DA:94,0
DA:95,0
DA:96,0
DA:103,0
DA:104,0
DA:106,0
DA:108,0
DA:109,0
DA:110,0
DA:111,0
DA:114,0
DA:116,0
DA:117,0
DA:118,0
DA:122,0
DA:123,0
DA:124,0
DA:129,0
DA:137,0
DA:138,0
DA:140,0
DA:141,0
DA:142,0
DA:143,0
DA:145,0
DA:146,0
DA:147,0
DA:149,0
DA:159,0
DA:160,0
DA:162,0
DA:163,0
DA:164,0
DA:165,0
DA:167,0
DA:175,0
DA:177,0
DA:178,0
DA:182,0
DA:183,0
DA:184,0
DA:185,0
DA:187,0
DA:188,0
DA:189,0
DA:190,0
DA:192,0
DA:194,0
DA:196,0
DA:197,0
DA:199,0
DA:201,0
DA:205,0
DA:208,0
DA:209,0
DA:210,0
DA:211,0
DA:212,0
DA:213,0
DA:214,0
DA:216,0
DA:217,0
DA:218,0
DA:220,0
DA:223,0
DA:224,0
DA:227,0
DA:228,0
DA:229,0
DA:230,0
DA:231,0
DA:232,0
DA:233,0
DA:234,0
DA:235,0
DA:236,0
DA:237,0
DA:243,0
DA:251,0
DA:253,0
DA:254,0
DA:256,0
DA:265,0
DA:266,0
DA:268,0
DA:269,0
DA:275,0
DA:277,0
DA:283,0
DA:284,0
DA:285,0
DA:288,0
DA:289,0
DA:290,0
DA:299,0
LF:128
LH:7
end_of_record
SF:lib/features/health_tracking/presentation/pages/measurements_page.dart
DA:17,2
DA:19,0
DA:20,0
DA:36,0
DA:38,0
DA:39,0
DA:41,0
DA:44,0
DA:45,0
DA:46,0
DA:47,0
DA:48,0
DA:49,0
DA:52,0
DA:53,0
DA:58,0
DA:59,0
DA:60,0
DA:63,0
DA:64,0
DA:65,0
DA:66,0
DA:67,0
DA:69,0
DA:71,0
DA:72,0
DA:75,0
DA:77,0
DA:78,0
DA:79,0
DA:82,0
DA:83,0
DA:84,0
DA:85,0
DA:86,0
DA:87,0
DA:88,0
DA:89,0
DA:94,0
DA:95,0
DA:96,0
DA:101,0
DA:102,0
DA:103,0
DA:104,0
DA:109,0
DA:116,0
DA:117,0
DA:118,0
DA:119,0
DA:122,0
DA:131,0
DA:132,0
DA:133,0
DA:134,0
DA:135,0
DA:136,0
DA:140,0
DA:141,0
DA:142,0
DA:154,0
DA:155,0
DA:157,0
DA:160,0
DA:162,0
DA:163,0
DA:166,0
DA:168,0
DA:169,0
DA:170,0
DA:171,0
DA:172,0
DA:175,0
DA:176,0
DA:177,0
DA:178,0
DA:179,0
DA:180,0
DA:183,0
DA:188,0
DA:190,0
DA:191,0
DA:193,0
DA:194,0
DA:197,0
DA:199,0
DA:201,0
DA:203,0
DA:204,0
DA:206,0
DA:207,0
DA:209,0
DA:210,0
DA:219,0
DA:220,0
DA:222,0
DA:223,0
DA:224,0
DA:225,0
DA:226,0
DA:227,0
DA:237,0
DA:238,0
DA:239,0
DA:241,0
DA:243,0
DA:244,0
DA:246,0
DA:249,0
DA:250,0
DA:251,0
DA:252,0
DA:255,0
DA:258,0
DA:259,0
DA:260,0
DA:262,0
DA:264,0
DA:265,0
DA:267,0
DA:269,0
DA:271,0
DA:277,0
DA:278,0
DA:279,0
DA:291,0
DA:294,0
DA:295,0
DA:297,0
DA:298,0
DA:299,0
DA:305,0
DA:306,0
DA:308,0
DA:309,0
DA:310,0
DA:316,0
DA:318,0
DA:319,0
LF:139
LH:1
end_of_record
SF:lib/features/health_tracking/presentation/pages/heart_rate_history_page.dart
DA:9,2
DA:11,0
DA:13,0
DA:14,0
DA:16,0
DA:17,0
DA:20,0
DA:21,0
DA:24,0
DA:25,0
DA:26,0
DA:28,0
DA:29,0
DA:30,0
DA:32,0
DA:33,0
DA:36,0
DA:39,0
DA:41,0
DA:42,0
DA:46,0
DA:48,0
DA:49,0
DA:58,0
DA:60,0
DA:61,0
DA:62,0
DA:63,0
DA:64,0
DA:65,0
DA:66,0
DA:67,0
DA:68,0
DA:69,0
DA:70,0
DA:71,0
DA:72,0
DA:73,0
DA:76,0
DA:78,0
DA:79,0
DA:80,0
DA:81,0
DA:83,0
DA:86,0
DA:87,0
DA:88,0
DA:92,0
DA:94,0
DA:95,0
DA:97,0
DA:98,0
DA:100,0
DA:101,0
DA:103,0
DA:104,0
DA:105,0
DA:106,0
DA:112,0
DA:114,0
DA:121,0
DA:122,0
DA:123,0
LF:63
LH:1
end_of_record
SF:lib/features/health_tracking/presentation/pages/sleep_energy_history_page.dart
DA:9,2
DA:11,0
DA:13,0
DA:14,0
DA:16,0
DA:17,0
DA:20,0
DA:21,0
DA:24,0
DA:25,0
DA:26,0
DA:28,0
DA:29,0
DA:30,0
DA:32,0
DA:33,0
DA:36,0
DA:39,0
DA:41,0
DA:42,0
DA:46,0
DA:48,0
DA:49,0
DA:58,0
DA:60,0
DA:61,0
DA:62,0
DA:63,0
DA:64,0
DA:65,0
DA:66,0
DA:67,0
DA:68,0
DA:69,0
DA:70,0
DA:71,0
DA:72,0
DA:73,0
DA:76,0
DA:78,0
DA:79,0
DA:80,0
DA:81,0
DA:83,0
DA:86,0
DA:87,0
DA:88,0
DA:89,0
DA:90,0
DA:92,0
DA:93,0
DA:95,0
DA:96,0
DA:99,0
DA:100,0
DA:101,0
DA:102,0
DA:106,0
DA:107,0
DA:108,0
DA:109,0
DA:110,0
DA:111,0
DA:112,0
DA:113,0
DA:115,0
DA:117,0
DA:118,0
DA:127,0
DA:128,0
DA:129,0
DA:131,0
DA:132,0
DA:134,0
DA:135,0
DA:138,0
DA:139,0
DA:140,0
DA:150,0
DA:152,0
DA:153,0
DA:155,0
DA:156,0
DA:158,0
DA:159,0
DA:161,0
DA:162,0
DA:163,0
DA:164,0
DA:170,0
DA:172,0
DA:179,0
DA:180,0
DA:181,0
LF:94
LH:1
end_of_record
SF:lib/features/health_tracking/presentation/widgets/measurement_form_widget.dart
DA:9,0
DA:15,0
DA:17,0
DA:18,0
DA:19,0
DA:20,0
DA:21,0
DA:22,0
DA:25,0
DA:26,0
DA:27,0
DA:28,0
DA:29,0
DA:31,0
DA:33,0
DA:34,0
DA:36,0
DA:38,0
DA:39,0
DA:40,0
DA:43,0
DA:46,0
LF:22
LH:0
end_of_record
SF:lib/features/medication_management/presentation/pages/add_medication_dialog.dart
DA:14,2
DA:16,0
DA:17,0
DA:31,0
DA:33,0
DA:34,0
DA:35,0
DA:38,0
DA:40,0
DA:43,0
DA:45,0
DA:46,0
DA:47,0
DA:48,0
DA:51,0
DA:52,0
DA:53,0
DA:58,0
DA:59,0
DA:66,0
DA:67,0
DA:72,0
DA:73,0
DA:80,0
DA:81,0
DA:85,0
DA:86,0
DA:88,0
DA:90,0
DA:91,0
DA:93,0
DA:94,0
DA:95,0
DA:101,0
DA:103,0
DA:104,0
DA:105,0
DA:106,0
DA:108,0
DA:109,0
DA:114,0
DA:116,0
DA:117,0
DA:118,0
DA:119,0
DA:127,0
DA:128,0
DA:129,0
DA:132,0
DA:133,0
DA:134,0
DA:135,0
DA:141,0
DA:142,0
DA:144,0
DA:145,0
DA:147,0
DA:150,0
DA:151,0
DA:152,0
DA:153,0
DA:155,0
DA:156,0
DA:157,0
DA:158,0
DA:159,0
DA:160,0
DA:162,0
DA:163,0
DA:164,0
DA:166,0
DA:170,0
DA:171,0
DA:173,0
DA:174,0
DA:175,0
DA:183,0
DA:184,0
DA:185,0
DA:193,0
DA:194,0
DA:195,0
DA:196,0
DA:197,0
DA:200,0
DA:206,0
DA:207,0
DA:212,0
DA:214,0
DA:215,0
DA:217,0
DA:218,0
DA:219,0
DA:220,0
DA:223,0
DA:224,0
DA:225,0
DA:226,0
DA:227,0
DA:230,0
DA:231,0
DA:232,0
DA:233,0
DA:239,0
DA:240,0
DA:241,0
DA:245,0
DA:246,0
DA:248,0
DA:249,0
DA:250,0
DA:253,0
DA:254,0
DA:259,0
DA:260,0
DA:263,0
DA:264,0
DA:268,0
DA:269,0
DA:273,0
DA:274,0
DA:276,0
DA:277,0
DA:278,0
DA:282,0
DA:283,0
DA:290,0
DA:291,0
DA:293,0
DA:295,0
DA:296,0
DA:297,0
DA:298,0
DA:299,0
DA:300,0
DA:301,0
DA:304,0
DA:305,0
DA:306,0
DA:307,0
DA:308,0
DA:312,0
DA:313,0
DA:314,0
DA:315,0
DA:316,0
DA:323,0
DA:324,0
DA:325,0
LF:149
LH:1
end_of_record
SF:lib/features/medication_management/presentation/pages/medication_logging_page.dart
DA:15,0
DA:20,0
DA:21,0
DA:31,0
DA:33,0
DA:34,0
DA:35,0
DA:38,0
DA:40,0
DA:41,0
DA:42,0
DA:44,0
DA:45,0
DA:46,0
DA:48,0
DA:50,0
DA:51,0
DA:52,0
DA:54,0
DA:56,0
DA:57,0
DA:59,0
DA:61,0
DA:62,0
DA:63,0
DA:64,0
DA:69,0
DA:70,0
DA:78,0
DA:80,0
DA:86,0
DA:87,0
DA:88,0
DA:90,0
DA:92,0
DA:93,0
DA:101,0
DA:102,0
DA:103,0
DA:104,0
DA:106,0
DA:107,0
DA:108,0
DA:109,0
DA:111,0
DA:112,0
DA:118,0
DA:119,0
DA:121,0
DA:122,0
DA:123,0
DA:124,0
DA:126,0
DA:127,0
DA:137,0
DA:138,0
DA:147,0
DA:148,0
DA:149,0
DA:150,0
DA:160,0
DA:161,0
DA:162,0
DA:163,0
DA:164,0
DA:165,0
DA:168,0
DA:169,0
DA:170,0
DA:171,0
DA:172,0
DA:173,0
DA:174,0
DA:180,0
DA:181,0
DA:182,0
DA:183,0
DA:186,0
DA:187,0
DA:188,0
DA:189,0
DA:190,0
DA:191,0
DA:192,0
DA:198,0
DA:199,0
DA:203,0
DA:204,0
DA:208,0
DA:209,0
DA:211,0
DA:212,0
DA:213,0
DA:214,0
DA:215,0
DA:217,0
DA:220,0
DA:221,0
DA:222,0
DA:223,0
DA:224,0
DA:228,0
DA:229,0
DA:230,0
DA:233,0
DA:234,0
DA:235,0
DA:236,0
DA:242,0
DA:243,0
DA:244,0
LF:111
LH:0
end_of_record
SF:lib/features/medication_management/presentation/widgets/medication_card_widget.dart
DA:14,0
DA:20,0
DA:22,0
DA:24,0
DA:26,0
DA:27,0
DA:28,0
DA:29,0
DA:31,0
DA:33,0
DA:34,0
DA:35,0
DA:36,0
DA:37,0
DA:39,0
DA:40,0
DA:41,0
DA:42,0
DA:43,0
DA:44,0
DA:45,0
DA:50,0
DA:55,0
DA:56,0
DA:57,0
DA:58,0
DA:59,0
DA:61,0
DA:62,0
DA:63,0
DA:64,0
DA:65,0
DA:66,0
DA:74,0
DA:75,0
DA:76,0
DA:77,0
DA:80,0
DA:82,0
DA:84,0
DA:85,0
DA:86,0
DA:87,0
DA:88,0
DA:97,0
DA:103,0
DA:105,0
LF:47
LH:0
end_of_record
SF:lib/features/nutrition_management/domain/entities/sale_item.dart
DA:52,0
DA:71,0
DA:72,0
DA:73,0
DA:77,0
DA:94,0
DA:95,0
DA:96,0
DA:97,0
DA:98,0
DA:99,0
DA:100,0
DA:101,0
DA:102,0
DA:103,0
DA:104,0
DA:105,0
DA:106,0
DA:107,0
DA:108,0
DA:109,0
DA:113,0
DA:116,0
DA:117,0
DA:118,0
DA:119,0
DA:120,0
DA:121,0
DA:122,0
DA:123,0
DA:124,0
DA:125,0
DA:126,0
DA:127,0
DA:128,0
DA:129,0
DA:130,0
DA:132,0
DA:134,0
DA:135,0
DA:136,0
DA:137,0
DA:138,0
DA:139,0
DA:140,0
DA:141,0
DA:142,0
DA:143,0
DA:144,0
DA:145,0
DA:146,0
DA:148,0
DA:150,0
LF:53
LH:0
end_of_record
SF:lib/features/nutrition_management/presentation/pages/macro_tracking_page.dart
DA:19,2
DA:25,0
DA:28,0
DA:32,0
DA:33,0
DA:35,0
DA:42,0
DA:43,0
DA:45,0
DA:52,0
DA:54,0
DA:55,0
DA:56,0
DA:58,0
DA:61,0
DA:62,0
DA:63,0
DA:74,0
DA:75,0
DA:80,0
DA:81,0
DA:86,0
DA:87,0
DA:90,0
DA:93,0
DA:94,0
DA:97,0
DA:99,0
DA:101,0
DA:103,0
DA:104,0
DA:106,0
DA:108,0
DA:109,0
DA:111,0
DA:118,0
DA:120,0
DA:121,0
DA:123,0
DA:125,0
DA:126,0
DA:127,0
DA:129,0
DA:138,0
DA:140,0
DA:142,0
DA:143,0
DA:146,0
DA:148,0
DA:150,0
DA:151,0
DA:154,0
DA:156,0
DA:158,0
DA:159,0
DA:169,0
DA:170,0
DA:172,0
DA:174,0
DA:175,0
DA:177,0
DA:178,0
DA:179,0
DA:180,0
DA:183,0
DA:189,0
DA:191,0
DA:197,0
DA:198,0
DA:199,0
DA:200,0
DA:206,0
DA:207,0
DA:208,0
DA:209,0
DA:211,0
DA:212,0
DA:216,0
DA:217,0
DA:218,0
DA:219,0
DA:230,0
DA:231,0
DA:233,0
DA:235,0
DA:236,0
DA:238,0
DA:239,0
DA:240,0
DA:241,0
DA:244,0
DA:250,0
DA:252,0
DA:258,0
DA:259,0
DA:260,0
DA:261,0
DA:267,0
DA:268,0
DA:269,0
DA:270,0
DA:272,0
DA:273,0
DA:277,0
DA:278,0
DA:279,0
DA:280,0
DA:291,0
DA:292,0
DA:294,0
DA:296,0
DA:297,0
DA:299,0
DA:300,0
DA:301,0
DA:302,0
DA:305,0
DA:311,0
DA:313,0
DA:319,0
DA:320,0
DA:321,0
DA:322,0
DA:323,0
DA:324,0
DA:330,0
DA:331,0
DA:332,0
DA:333,0
DA:335,0
DA:336,0
DA:340,0
DA:341,0
DA:342,0
DA:343,0
DA:346,0
DA:348,0
DA:349,0
DA:350,0
DA:353,0
DA:356,0
DA:357,0
DA:359,0
DA:360,0
DA:375,0
DA:376,0
DA:378,0
DA:380,0
DA:381,0
DA:383,0
DA:388,0
DA:390,0
DA:392,0
DA:405,0
DA:406,0
DA:407,0
DA:408,0
DA:411,0
DA:417,0
DA:419,0
DA:434,0
DA:442,0
DA:444,0
DA:445,0
DA:447,0
DA:448,0
DA:449,0
DA:450,0
DA:452,0
DA:453,0
DA:454,0
DA:455,0
DA:456,0
DA:461,0
DA:462,0
DA:463,0
DA:464,0
DA:468,0
DA:469,0
DA:470,0
DA:471,0
LF:181
LH:1
end_of_record
SF:lib/features/nutrition_management/presentation/pages/meal_detail_page.dart
DA:19,0
DA:24,0
DA:25,0
DA:31,0
DA:32,0
DA:33,0
DA:34,0
DA:37,0
DA:38,0
DA:39,0
DA:42,0
DA:43,0
DA:44,0
DA:45,0
DA:53,0
DA:57,0
DA:58,0
DA:61,0
DA:62,0
DA:64,0
DA:66,0
DA:67,0
DA:68,0
DA:69,0
DA:70,0
DA:71,0
DA:74,0
DA:75,0
DA:78,0
DA:80,0
DA:81,0
DA:83,0
DA:86,0
DA:91,0
DA:93,0
DA:94,0
DA:95,0
DA:96,0
DA:98,0
DA:99,0
DA:100,0
DA:101,0
DA:102,0
DA:104,0
DA:109,0
DA:111,0
DA:113,0
DA:115,0
DA:116,0
DA:118,0
DA:119,0
DA:120,0
DA:121,0
DA:123,0
DA:124,0
DA:125,0
DA:130,0
DA:131,0
DA:133,0
DA:134,0
DA:135,0
DA:136,0
DA:141,0
DA:142,0
DA:143,0
DA:144,0
DA:158,0
DA:159,0
DA:161,0
DA:163,0
DA:164,0
DA:166,0
DA:171,0
DA:173,0
DA:175,0
DA:178,0
DA:180,0
DA:182,0
DA:185,0
DA:187,0
DA:189,0
DA:192,0
DA:194,0
DA:195,0
DA:197,0
DA:201,0
DA:202,0
DA:203,0
DA:205,0
DA:218,0
DA:219,0
DA:221,0
DA:223,0
DA:224,0
DA:226,0
DA:231,0
DA:232,0
DA:234,0
DA:235,0
DA:239,0
DA:240,0
DA:242,0
DA:244,0
DA:245,0
DA:248,0
DA:251,0
DA:252,0
DA:254,0
DA:269,0
DA:271,0
DA:274,0
DA:275,0
DA:276,0
DA:290,0
DA:292,0
DA:294,0
DA:296,0
DA:298,0
DA:311,0
DA:318,0
DA:320,0
DA:321,0
DA:323,0
DA:324,0
DA:325,0
DA:326,0
DA:328,0
DA:329,0
DA:330,0
DA:331,0
DA:332,0
DA:337,0
DA:338,0
DA:339,0
DA:340,0
LF:135
LH:0
end_of_record
SF:lib/features/nutrition_management/presentation/pages/meal_logging_page.dart
DA:26,0
DA:35,0
DA:43,0
DA:44,0
DA:45,0
DA:46,0
DA:47,0
DA:48,0
DA:49,0
DA:56,4
DA:58,0
DA:59,0
DA:70,0
DA:71,0
DA:72,0
DA:88,0
DA:89,0
DA:90,0
DA:91,0
DA:95,0
DA:96,0
DA:97,0
DA:100,0
DA:101,0
DA:103,0
DA:104,0
DA:106,0
DA:107,0
DA:110,0
DA:111,0
DA:112,0
DA:113,0
DA:114,0
DA:115,0
DA:116,0
DA:117,0
DA:122,0
DA:123,0
DA:124,0
DA:125,0
DA:129,0
DA:130,0
DA:131,0
DA:132,0
DA:138,0
DA:139,0
DA:140,0
DA:141,0
DA:142,0
DA:146,0
DA:147,0
DA:148,0
DA:149,0
DA:155,0
DA:156,0
DA:157,0
DA:158,0
DA:159,0
DA:164,0
DA:165,0
DA:167,0
DA:168,0
DA:169,0
DA:170,0
DA:171,0
DA:179,0
DA:180,0
DA:181,0
DA:182,0
DA:187,0
DA:188,0
DA:189,0
DA:190,0
DA:191,0
DA:192,0
DA:193,0
DA:196,0
DA:197,0
DA:198,0
DA:199,0
DA:203,0
DA:204,0
DA:205,0
DA:211,0
DA:212,0
DA:213,0
DA:214,0
DA:215,0
DA:223,0
DA:224,0
DA:225,0
DA:226,0
DA:232,0
DA:233,0
DA:234,0
DA:235,0
DA:236,0
DA:243,0
DA:244,0
DA:245,0
DA:246,0
DA:250,0
DA:251,0
DA:252,0
DA:255,0
DA:256,0
DA:257,0
DA:259,0
DA:260,0
DA:261,0
DA:262,0
DA:268,0
DA:269,0
DA:270,0
DA:276,0
DA:277,0
DA:278,0
DA:285,0
DA:286,0
DA:288,0
DA:297,0
DA:298,0
DA:299,0
DA:300,0
DA:301,0
DA:304,0
DA:306,0
DA:310,0
DA:313,0
DA:314,0
DA:317,0
DA:318,0
DA:319,0
DA:328,0
DA:329,0
DA:330,0
DA:336,0
DA:339,0
DA:340,0
DA:341,0
DA:345,0
DA:349,0
DA:350,0
DA:351,0
DA:352,0
DA:357,0
DA:358,0
DA:359,0
DA:361,0
DA:363,0
DA:366,0
DA:367,0
DA:372,0
DA:374,0
DA:375,0
DA:377,0
DA:378,0
DA:381,0
DA:383,0
DA:385,0
DA:387,0
DA:388,0
DA:390,0
DA:392,0
DA:401,0
DA:402,0
DA:403,0
DA:405,0
DA:407,0
DA:408,0
DA:409,0
DA:410,0
DA:411,0
DA:412,0
DA:413,0
DA:425,0
DA:426,0
DA:428,0
DA:430,0
DA:431,0
DA:433,0
DA:441,0
DA:443,0
DA:444,0
DA:446,0
DA:449,0
DA:451,0
DA:459,0
DA:460,0
DA:462,0
DA:464,0
DA:465,0
DA:471,0
DA:474,0
DA:475,0
DA:476,0
DA:477,0
DA:478,0
DA:479,0
DA:480,0
DA:481,0
DA:482,0
DA:483,0
DA:485,0
DA:487,0
DA:488,0
DA:490,0
DA:493,0
DA:495,0
DA:511,0
DA:512,0
DA:514,0
DA:516,0
DA:525,0
DA:527,0
DA:529,0
DA:532,0
DA:534,0
DA:536,0
DA:539,0
DA:541,0
DA:543,0
DA:546,0
DA:548,0
DA:549,0
DA:551,0
DA:555,0
DA:556,0
DA:557,0
DA:559,0
DA:572,0
DA:573,0
DA:575,0
DA:576,0
DA:577,0
DA:578,0
DA:585,0
DA:586,0
DA:588,0
DA:589,0
DA:590,0
DA:591,0
DA:598,0
DA:600,0
DA:601,0
DA:604,0
DA:619,0
DA:626,0
DA:628,0
DA:629,0
DA:631,0
DA:632,0
DA:633,0
DA:634,0
DA:636,0
DA:637,0
DA:638,0
DA:639,0
DA:640,0
DA:645,0
DA:646,0
DA:647,0
DA:648,0
DA:662,0
DA:664,0
DA:665,0
DA:677,0
DA:679,0
DA:680,0
DA:681,0
DA:682,0
DA:683,0
DA:684,0
DA:685,0
DA:686,0
DA:687,0
DA:691,0
DA:693,0
DA:694,0
DA:695,0
DA:696,0
DA:697,0
DA:698,0
DA:699,0
DA:702,0
DA:703,0
DA:704,0
DA:705,0
DA:707,0
DA:708,0
DA:709,0
DA:711,0
DA:712,0
DA:716,0
DA:717,0
DA:721,0
DA:722,0
DA:723,0
DA:724,0
DA:725,0
DA:726,0
DA:727,0
DA:728,0
DA:729,0
DA:731,0
DA:740,0
DA:743,0
DA:745,0
DA:746,0
DA:747,0
DA:749,0
DA:750,0
DA:751,0
DA:752,0
DA:754,0
DA:755,0
DA:756,0
DA:761,0
DA:762,0
DA:769,0
DA:770,0
DA:771,0
DA:772,0
DA:773,0
DA:778,0
DA:779,0
DA:781,0
DA:782,0
DA:785,0
DA:786,0
DA:791,0
DA:795,0
DA:796,0
DA:797,0
DA:802,0
DA:803,0
DA:805,0
DA:806,0
DA:809,0
DA:810,0
DA:815,0
DA:821,0
DA:822,0
DA:823,0
DA:824,0
DA:825,0
DA:830,0
DA:831,0
DA:833,0
DA:834,0
DA:837,0
DA:838,0
DA:841,0
DA:846,0
DA:850,0
DA:851,0
DA:852,0
DA:857,0
DA:858,0
DA:860,0
DA:861,0
DA:864,0
DA:865,0
DA:875,0
DA:876,0
DA:884,0
DA:885,0
DA:895,0
DA:896,0
DA:897,0
DA:900,0
DA:901,0
DA:913,0
DA:915,0
DA:917,0
DA:919,0
DA:921,0
DA:923,0
DA:925,0
DA:927,0
DA:928,0
DA:929,0
DA:930,0
DA:931,0
DA:933,0
DA:935,0
DA:936,0
DA:937,0
DA:938,0
DA:939,0
DA:940,0
DA:941,0
DA:943,0
DA:945,0
DA:947,0
DA:948,0
DA:955,0
DA:956,0
DA:957,0
LF:399
LH:1
end_of_record
SF:lib/features/nutrition_management/presentation/pages/recipe_library_page.dart
DA:14,2
DA:16,0
DA:17,0
DA:26,0
DA:28,0
DA:29,0
DA:32,0
DA:36,0
DA:37,0
DA:38,0
DA:40,0
DA:44,0
DA:45,0
DA:49,0
DA:50,0
DA:54,0
DA:58,0
DA:62,0
DA:63,0
DA:64,0
DA:65,0
DA:69,0
DA:70,0
DA:71,0
DA:72,0
DA:78,0
DA:79,0
DA:80,0
DA:81,0
DA:82,0
DA:83,0
DA:84,0
DA:85,0
DA:86,0
DA:87,0
DA:94,0
DA:96,0
DA:98,0
DA:99,0
DA:101,0
DA:102,0
DA:104,0
DA:109,0
DA:110,0
DA:112,0
DA:114,0
DA:115,0
DA:116,0
DA:119,0
DA:120,0
DA:122,0
DA:123,0
DA:124,0
DA:125,0
DA:130,0
DA:131,0
DA:134,0
DA:135,0
DA:136,0
DA:143,0
DA:144,0
DA:149,0
DA:152,0
DA:153,0
DA:154,0
DA:155,0
DA:156,0
DA:157,0
DA:158,0
DA:159,0
DA:164,0
DA:165,0
DA:166,0
DA:167,0
DA:168,0
DA:169,0
DA:178,0
DA:179,0
DA:180,0
DA:181,0
DA:183,0
DA:184,0
DA:185,0
DA:186,0
DA:193,0
DA:201,0
DA:202,0
DA:203,0
DA:204,0
DA:206,0
DA:207,0
DA:208,0
DA:209,0
DA:217,0
DA:218,0
DA:237,0
DA:243,0
DA:244,0
DA:251,0
DA:253,0
DA:254,0
DA:255,0
DA:258,0
DA:260,0
DA:262,0
DA:264,0
DA:267,0
DA:268,0
DA:270,0
DA:271,0
DA:273,0
DA:275,0
DA:276,0
DA:277,0
DA:278,0
DA:279,0
DA:289,0
DA:291,0
DA:294,0
DA:296,0
DA:297,0
DA:298,0
DA:299,0
DA:301,0
DA:302,0
DA:304,0
DA:306,0
DA:311,0
DA:317,0
DA:319,0
DA:322,0
DA:324,0
DA:325,0
DA:326,0
DA:327,0
DA:329,0
DA:330,0
DA:331,0
DA:335,0
DA:341,0
DA:343,0
DA:344,0
DA:345,0
DA:346,0
DA:351,0
LF:145
LH:1
end_of_record
SF:lib/features/nutrition_management/presentation/widgets/macro_chart_widget.dart
DA:20,2
DA:26,0
DA:27,0
DA:35,0
DA:37,0
DA:44,1
DA:46,1
DA:47,2
DA:48,4
DA:50,3
DA:53,2
DA:62,0
DA:64,0
DA:65,0
DA:67,0
DA:69,0
DA:70,0
DA:72,0
DA:77,0
DA:79,0
DA:80,0
DA:85,0
DA:87,0
DA:88,0
DA:89,0
DA:91,0
DA:94,0
DA:95,0
DA:96,0
DA:97,0
DA:98,0
DA:106,0
DA:114,0
DA:115,0
DA:117,0
DA:118,0
DA:120,0
DA:122,0
DA:129,0
DA:130,0
DA:132,0
DA:133,0
DA:134,0
DA:135,0
DA:137,0
DA:146,0
DA:150,0
DA:151,0
DA:152,0
DA:157,0
DA:159,0
DA:160,0
DA:163,0
DA:164,0
DA:167,0
DA:169,0
DA:171,0
DA:172,0
DA:173,0
DA:181,0
DA:184,0
DA:188,0
DA:189,0
DA:190,0
DA:191,0
DA:192,0
DA:200,0
DA:201,0
DA:202,0
DA:203,0
DA:204,0
DA:207,0
DA:208,0
DA:225,0
DA:226,0
DA:228,0
DA:230,0
DA:231,0
DA:235,0
DA:236,0
DA:239,0
DA:243,0
DA:244,0
DA:247,0
DA:251,0
DA:252,0
DA:260,0
DA:262,0
DA:264,0
DA:265,0
DA:268,0
DA:271,0
DA:272,0
DA:273,0
DA:275,0
DA:290,0
DA:298,0
DA:300,0
DA:301,0
DA:303,0
DA:304,0
DA:307,0
DA:313,0
DA:315,0
DA:322,0
DA:323,0
DA:324,0
DA:328,0
DA:329,0
DA:330,0
DA:331,0
LF:111
LH:7
end_of_record
SF:lib/features/nutrition_management/presentation/widgets/meal_card_widget.dart
DA:14,0
DA:19,0
DA:21,0
DA:22,0
DA:24,0
DA:26,0
DA:27,0
DA:28,0
DA:29,0
DA:30,0
DA:34,0
DA:35,0
DA:40,0
DA:41,0
DA:42,0
DA:43,0
DA:44,0
DA:47,0
DA:48,0
DA:49,0
DA:53,0
DA:55,0
DA:57,0
DA:58,0
DA:59,0
DA:60,0
DA:64,0
DA:65,0
DA:66,0
DA:68,0
DA:70,0
DA:75,0
DA:77,0
DA:78,0
DA:79,0
DA:80,0
DA:82,0
DA:85,0
DA:87,0
DA:96,0
DA:98,0
DA:100,0
DA:102,0
DA:104,0
DA:109,0
DA:110,0
DA:115,0
DA:116,0
DA:117,0
DA:119,0
DA:121,0
LF:51
LH:0
end_of_record
SF:lib/features/nutrition_management/presentation/pages/recipe_detail_page.dart
DA:16,0
DA:21,0
DA:22,0
DA:30,0
DA:31,0
DA:32,0
DA:33,0
DA:34,0
DA:38,0
DA:39,0
DA:40,0
DA:44,0
DA:45,0
DA:53,0
DA:54,0
DA:55,0
DA:61,0
DA:62,0
DA:63,0
DA:69,0
DA:70,0
DA:73,0
DA:74,0
DA:75,0
DA:76,0
DA:77,0
DA:78,0
DA:79,0
DA:82,0
DA:83,0
DA:84,0
DA:85,0
DA:86,0
DA:89,0
DA:90,0
DA:91,0
DA:92,0
DA:95,0
DA:96,0
DA:101,0
DA:103,0
DA:104,0
DA:106,0
DA:107,0
DA:108,0
DA:110,0
DA:111,0
DA:113,0
DA:115,0
DA:116,0
DA:117,0
DA:121,0
DA:122,0
DA:124,0
DA:125,0
DA:128,0
DA:134,0
DA:136,0
DA:137,0
DA:140,0
DA:144,0
DA:146,0
DA:148,0
DA:152,0
DA:153,0
DA:154,0
DA:158,0
DA:160,0
DA:161,0
DA:162,0
DA:166,0
DA:169,0
DA:172,0
DA:173,0
DA:176,0
DA:178,0
DA:181,0
DA:183,0
DA:186,0
DA:191,0
DA:194,0
DA:195,0
DA:197,0
DA:199,0
DA:200,0
DA:202,0
DA:207,0
DA:209,0
DA:213,0
DA:215,0
DA:219,0
DA:221,0
DA:225,0
DA:227,0
DA:228,0
DA:230,0
DA:234,0
DA:235,0
DA:236,0
DA:238,0
DA:248,0
DA:251,0
DA:253,0
DA:257,0
DA:258,0
DA:259,0
DA:261,0
DA:263,0
DA:264,0
DA:267,0
DA:270,0
DA:271,0
DA:273,0
DA:281,0
DA:284,0
DA:286,0
DA:290,0
DA:291,0
DA:292,0
DA:293,0
DA:294,0
DA:296,0
DA:298,0
DA:299,0
DA:302,0
DA:303,0
DA:306,0
DA:307,0
DA:308,0
DA:309,0
DA:310,0
DA:318,0
DA:319,0
DA:321,0
DA:329,0
DA:332,0
DA:333,0
DA:336,0
DA:337,0
DA:338,0
DA:339,0
DA:341,0
DA:347,0
DA:348,0
DA:350,0
DA:351,0
DA:352,0
DA:353,0
DA:360,0
DA:361,0
DA:363,0
DA:364,0
DA:365,0
DA:366,0
DA:373,0
DA:375,0
DA:376,0
DA:380,0
DA:390,0
DA:391,0
DA:396,0
DA:397,0
DA:398,0
DA:400,0
DA:402,0
DA:403,0
DA:405,0
DA:407,0
DA:421,0
DA:427,0
DA:429,0
DA:430,0
DA:432,0
DA:433,0
DA:434,0
DA:435,0
DA:437,0
DA:438,0
DA:439,0
DA:450,0
DA:452,0
DA:454,0
DA:456,0
DA:457,0
DA:459,0
DA:460,0
DA:461,0
DA:462,0
DA:463,0
DA:466,0
LF:190
LH:0
end_of_record
SF:lib/features/nutrition_management/presentation/widgets/recipe_card_widget.dart
DA:15,0
DA:21,0
DA:23,0
DA:25,0
DA:27,0
DA:28,0
DA:29,0
DA:31,0
DA:33,0
DA:36,0
DA:37,0
DA:38,0
DA:39,0
DA:41,0
DA:42,0
DA:45,0
DA:49,0
DA:51,0
DA:53,0
DA:55,0
DA:56,0
DA:57,0
DA:66,0
DA:67,0
DA:68,0
DA:71,0
DA:74,0
DA:75,0
DA:76,0
DA:77,0
DA:78,0
DA:79,0
DA:80,0
DA:91,0
DA:92,0
DA:93,0
DA:96,0
DA:99,0
DA:100,0
DA:101,0
DA:102,0
DA:103,0
DA:110,0
DA:111,0
DA:116,0
DA:117,0
DA:118,0
DA:119,0
DA:121,0
DA:122,0
DA:123,0
DA:124,0
DA:137,0
DA:139,0
DA:140,0
DA:141,0
DA:142,0
DA:156,0
DA:157,0
DA:158,0
DA:159,0
DA:160,0
DA:163,0
DA:169,0
DA:171,0
DA:173,0
DA:175,0
LF:67
LH:0
end_of_record
